TN:
SF:/home/wegamekinglc/dev/github/my-claude/workspace/Derivatives-Algorithms-Lib/dal/auto/MG_BSModelData_v1_Read.inc
FN:19,22,_ZNK3Dal14BSModelData_v17Reader_5BuildEv
FN:23,25,_ZNK3Dal14BSModelData_v17Reader_5BuildERKNS_7Archive5View_ERNS2_6Built_E
FN:28,30,_ZN3Dal14BSModelData_v17Reader_C2EPFvRKNS_7String_EPKNS_7Archive7Reader_EE
FN:9,18,_ZN3Dal14BSModelData_v17Reader_C2ERKNS_7Archive5View_ERNS2_6Built_E
FNDA:1,_ZNK3Dal14BSModelData_v17Reader_5BuildEv
FNDA:1,_ZNK3Dal14BSModelData_v17Reader_5BuildERKNS_7Archive5View_ERNS2_6Built_E
FNDA:1,_ZN3Dal14BSModelData_v17Reader_C2EPFvRKNS_7String_EPKNS_7Archive7Reader_EE
FNDA:1,_ZN3Dal14BSModelData_v17Reader_C2ERKNS_7Archive5View_ERNS2_6Built_E
FNF:4
FNH:4
DA:3,1
DA:9,1
DA:13,1
DA:14,1
DA:15,1
DA:16,1
DA:17,2
DA:18,1
DA:19,1
DA:21,1
DA:23,1
DA:24,2
DA:28,1
DA:29,1
DA:30,1
LF:15
LH:15
end_of_record
TN:
SF:/home/wegamekinglc/dev/github/my-claude/workspace/Derivatives-Algorithms-Lib/dal/auto/MG_BSModelData_v1_Write.inc
FN:4,13,_ZN3Dal14BSModelData_v16XWriteERNS_7Archive6Store_ERKNS_7String_ERKdS8_S8_S8_
FNDA:1,_ZN3Dal14BSModelData_v16XWriteERNS_7Archive6Store_ERKNS_7String_ERKdS8_S8_S8_
FNF:1
FNH:1
DA:4,1
DA:6,2
DA:7,2
DA:8,1
DA:9,1
DA:10,1
DA:11,1
DA:12,1
DA:13,1
LF:9
LH:9
end_of_record
TN:
SF:/home/wegamekinglc/dev/github/my-claude/workspace/Derivatives-Algorithms-Lib/dal/auto/MG_Bag_Read.inc
FN:16,18,_ZNK3Dal12_GLOBAL__N_13Bag7Reader_5BuildERKNS_7Archive5View_ERNS3_6Built_E
FN:21,23,_ZN3Dal12_GLOBAL__N_13Bag7Reader_C2EPFvRKNS_7String_EPKNS_7Archive7Reader_EE
FN:7,14,_ZN3Dal12_GLOBAL__N_13Bag7Reader_C2ERKNS_7Archive5View_ERNS3_6Built_E
FNDA:1,_ZNK3Dal12_GLOBAL__N_13Bag7Reader_5BuildERKNS_7Archive5View_ERNS3_6Built_E
FNDA:1,_ZN3Dal12_GLOBAL__N_13Bag7Reader_C2EPFvRKNS_7String_EPKNS_7Archive7Reader_EE
FNDA:1,_ZN3Dal12_GLOBAL__N_13Bag7Reader_C2ERKNS_7Archive5View_ERNS3_6Built_E
FNF:3
FNH:3
DA:7,1
DA:11,2
DA:12,1
DA:13,2
DA:14,1
DA:16,1
DA:17,1
DA:21,1
DA:22,1
DA:23,1
LF:10
LH:10
end_of_record
TN:
SF:/home/wegamekinglc/dev/github/my-claude/workspace/Derivatives-Algorithms-Lib/dal/auto/MG_Bag_Write.inc
FN:4,11,_ZN3Dal12_GLOBAL__N_13Bag6XWriteERNS_7Archive6Store_ERKNS_7String_ERKNS_7Vector_INS_7Handle_INS_9Storable_EEEEERKNS8_IS5_EE
FNDA:1,_ZN3Dal12_GLOBAL__N_13Bag6XWriteERNS_7Archive6Store_ERKNS_7String_ERKNS_7Vector_INS_7Handle_INS_9Storable_EEEEERKNS8_IS5_EE
FNF:1
FNH:1
DA:4,1
DA:6,2
DA:7,2
DA:8,2
DA:9,1
DA:10,1
DA:11,1
LF:7
LH:7
end_of_record
TN:
SF:/home/wegamekinglc/dev/github/my-claude/workspace/Derivatives-Algorithms-Lib/dal/auto/MG_BizDayConvention_enum.hpp
FN:15,17,_ZN3Dal17BizDayConvention_C2ENS0_6Value_E
FNDA:0,_ZN3Dal17BizDayConvention_C2ENS0_6Value_E
FNF:1
FNH:0
DA:15,0
DA:16,0
DA:17,0
LF:3
LH:0
end_of_record
TN:
SF:/home/wegamekinglc/dev/github/my-claude/workspace/Derivatives-Algorithms-Lib/dal/auto/MG_BizDayConvention_enum.inc
FN:19,32,_ZNK3Dal17BizDayConvention_6StringEv
FN:2,2,_ZN3DaleqERKNS_17BizDayConvention_ES2_
FN:38,56,_ZNK3Dal27ReadStringBizDayConvention_clERKNS_7String_EPNS_17BizDayConvention_6Value_E
FN:4,6,_ZN3Dal12_GLOBAL__N_123TheBizDayConventionListEv
FN:59,64,_ZN3Dal17BizDayConvention_C2ERKNS_7String_E
FN:9,16,_ZN3Dal23BizDayConventionListAllEv
FNDA:0,_ZNK3Dal17BizDayConvention_6StringEv
FNDA:135,_ZN3DaleqERKNS_17BizDayConvention_ES2_
FNDA:141,_ZNK3Dal27ReadStringBizDayConvention_clERKNS_7String_EPNS_17BizDayConvention_6Value_E
FNDA:0,_ZN3Dal12_GLOBAL__N_123TheBizDayConventionListEv
FNDA:141,_ZN3Dal17BizDayConvention_C2ERKNS_7String_E
FNDA:0,_ZN3Dal23BizDayConventionListAllEv
FNF:6
FNH:3
DA:2,135
DA:4,0
DA:5,0
DA:9,0
DA:10,0
DA:11,0
DA:12,0
DA:13,0
DA:15,0
DA:19,0
DA:20,0
DA:25,0
DA:26,0
DA:27,0
DA:28,0
DA:29,0
DA:30,0
DA:38,141
DA:42,141
DA:45,141
DA:46,70
DA:48,71
DA:49,71
DA:51,0
DA:52,0
DA:55,141
DA:59,141
DA:60,141
DA:61,141
DA:62,141
DA:63,0
LF:31
LH:12
end_of_record
TN:
SF:/home/wegamekinglc/dev/github/my-claude/workspace/Derivatives-Algorithms-Lib/dal/auto/MG_Box_Read.inc
FN:13,16,_ZNK3Dal12_GLOBAL__N_13Box7Reader_5BuildEv
FN:17,19,_ZNK3Dal12_GLOBAL__N_13Box7Reader_5BuildERKNS_7Archive5View_ERNS3_6Built_E
FN:22,24,_ZN3Dal12_GLOBAL__N_13Box7Reader_C2EPFvRKNS_7String_EPKNS_7Archive7Reader_EE
FN:6,12,_ZN3Dal12_GLOBAL__N_13Box7Reader_C2ERKNS_7Archive5View_ERNS3_6Built_E
FNDA:1,_ZNK3Dal12_GLOBAL__N_13Box7Reader_5BuildEv
FNDA:1,_ZNK3Dal12_GLOBAL__N_13Box7Reader_5BuildERKNS_7Archive5View_ERNS3_6Built_E
FNDA:1,_ZN3Dal12_GLOBAL__N_13Box7Reader_C2EPFvRKNS_7String_EPKNS_7Archive7Reader_EE
FNDA:1,_ZN3Dal12_GLOBAL__N_13Box7Reader_C2ERKNS_7Archive5View_ERNS3_6Built_E
FNF:4
FNH:4
DA:6,1
DA:10,1
DA:11,2
DA:12,1
DA:13,1
DA:15,1
DA:17,1
DA:18,1
DA:22,1
DA:23,1
DA:24,1
LF:11
LH:11
end_of_record
TN:
SF:/home/wegamekinglc/dev/github/my-claude/workspace/Derivatives-Algorithms-Lib/dal/auto/MG_Box_Write.inc
FN:4,10,_ZN3Dal12_GLOBAL__N_13Box6XWriteERNS_7Archive6Store_ERKNS_7String_ERKNS_7Matrix_INS_5Cell_EEE
FNDA:1,_ZN3Dal12_GLOBAL__N_13Box6XWriteERNS_7Archive6Store_ERKNS_7String_ERKNS_7Matrix_INS_5Cell_EEE
FNF:1
FNH:1
DA:4,1
DA:6,2
DA:7,2
DA:8,1
DA:9,1
DA:10,1
LF:6
LH:6
end_of_record
TN:
SF:/home/wegamekinglc/dev/github/my-claude/workspace/Derivatives-Algorithms-Lib/dal/auto/MG_Ccy_enum.hpp
FN:20,22,_ZN3Dal4Ccy_C2ENS0_6Value_E
FNDA:0,_ZN3Dal4Ccy_C2ENS0_6Value_E
FNF:1
FNH:0
DA:20,0
DA:21,0
DA:22,0
DA:28,31
LF:4
LH:1
end_of_record
TN:
SF:/home/wegamekinglc/dev/github/my-claude/workspace/Derivatives-Algorithms-Lib/dal/auto/MG_Ccy_enum.inc
FN:2,2,_ZN3DaleqERKNS_4Ccy_ES2_
FN:24,47,_ZNK3Dal4Ccy_6StringEv
FN:4,6,_ZN3Dal12_GLOBAL__N_110TheCcyListEv
FN:53,86,_ZNK3Dal14ReadStringCcy_clERKNS_7String_EPNS_4Ccy_6Value_E
FN:89,94,_ZN3Dal4Ccy_C2ERKNS_7String_E
FN:9,21,_ZN3Dal10CcyListAllEv
FNDA:6,_ZN3DaleqERKNS_4Ccy_ES2_
FNDA:733,_ZNK3Dal4Ccy_6StringEv
FNDA:0,_ZN3Dal12_GLOBAL__N_110TheCcyListEv
FNDA:1474,_ZNK3Dal14ReadStringCcy_clERKNS_7String_EPNS_4Ccy_6Value_E
FNDA:1474,_ZN3Dal4Ccy_C2ERKNS_7String_E
FNDA:0,_ZN3Dal10CcyListAllEv
FNF:6
FNH:4
DA:2,6
DA:4,0
DA:5,0
DA:9,0
DA:10,0
DA:11,0
DA:12,0
DA:13,0
DA:14,0
DA:15,0
DA:16,0
DA:17,0
DA:18,0
DA:20,0
DA:24,733
DA:25,733
DA:30,729
DA:31,729
DA:32,0
DA:33,0
DA:34,3
DA:35,3
DA:36,1
DA:37,1
DA:38,0
DA:39,0
DA:40,0
DA:41,0
DA:42,0
DA:43,0
DA:44,0
DA:45,0
DA:53,1474
DA:57,1474
DA:60,1474
DA:61,1460
DA:63,14
DA:64,2
DA:66,12
DA:67,1
DA:69,11
DA:70,1
DA:72,10
DA:73,0
DA:75,10
DA:76,0
DA:78,10
DA:79,0
DA:81,10
DA:82,10
DA:85,1474
DA:89,1474
DA:90,1474
DA:91,1474
DA:92,1474
DA:93,0
LF:56
LH:29
end_of_record
TN:
SF:/home/wegamekinglc/dev/github/my-claude/workspace/Derivatives-Algorithms-Lib/dal/auto/MG_Clearer_enum.hpp
FN:14,16,_ZN3Dal8Clearer_C2ENS0_6Value_E
FNDA:2,_ZN3Dal8Clearer_C2ENS0_6Value_E
FNF:1
FNH:1
DA:14,3
DA:15,2
DA:16,2
DA:27,10
LF:4
LH:4
end_of_record
TN:
SF:/home/wegamekinglc/dev/github/my-claude/workspace/Derivatives-Algorithms-Lib/dal/auto/MG_Clearer_enum.inc
FN:18,29,_ZNK3Dal8Clearer_6StringEv
FN:2,2,_ZN3DaleqERKNS_8Clearer_ES2_
FN:35,50,_ZNK3Dal18ReadStringClearer_clERKNS_7String_EPNS_8Clearer_6Value_E
FN:4,6,_ZN3Dal12_GLOBAL__N_114TheClearerListEv
FN:53,58,_ZN3Dal8Clearer_C2ERKNS_7String_E
FN:9,15,_ZN3Dal14ClearerListAllEv
FNDA:0,_ZNK3Dal8Clearer_6StringEv
FNDA:3,_ZN3DaleqERKNS_8Clearer_ES2_
FNDA:10,_ZNK3Dal18ReadStringClearer_clERKNS_7String_EPNS_8Clearer_6Value_E
FNDA:4,_ZN3Dal12_GLOBAL__N_114TheClearerListEv
FNDA:10,_ZN3Dal8Clearer_C2ERKNS_7String_E
FNDA:1,_ZN3Dal14ClearerListAllEv
FNF:6
FNH:5
DA:2,3
DA:4,4
DA:5,4
DA:9,1
DA:10,1
DA:11,1
DA:12,1
DA:14,1
DA:18,0
DA:19,0
DA:24,0
DA:25,0
DA:26,0
DA:27,0
DA:35,10
DA:39,10
DA:42,10
DA:43,5
DA:45,5
DA:46,4
DA:49,10
DA:53,10
DA:54,10
DA:55,10
DA:56,9
DA:57,4
LF:26
LH:20
end_of_record
TN:
SF:/home/wegamekinglc/dev/github/my-claude/workspace/Derivatives-Algorithms-Lib/dal/auto/MG_CollateralType_enum.hpp
FN:15,17,_ZN3Dal15CollateralType_C2ENS0_6Value_E
FNDA:3,_ZN3Dal15CollateralType_C2ENS0_6Value_E
FNF:1
FNH:1
DA:15,2986
DA:16,3
DA:17,3
DA:23,5
DA:28,3
LF:5
LH:5
end_of_record
TN:
SF:/home/wegamekinglc/dev/github/my-claude/workspace/Derivatives-Algorithms-Lib/dal/auto/MG_CollateralType_enum.inc
FN:19,32,_ZNK3Dal15CollateralType_6StringEv
FN:2,2,_ZN3DaleqERKNS_15CollateralType_ES2_
FN:38,56,_ZNK3Dal25ReadStringCollateralType_clERKNS_7String_EPNS_15CollateralType_6Value_E
FN:4,6,_ZN3Dal12_GLOBAL__N_121TheCollateralTypeListEv
FN:59,64,_ZN3Dal15CollateralType_C2ERKNS_7String_E
FN:9,16,_ZN3Dal21CollateralTypeListAllEv
FNDA:0,_ZNK3Dal15CollateralType_6StringEv
FNDA:6,_ZN3DaleqERKNS_15CollateralType_ES2_
FNDA:7,_ZNK3Dal25ReadStringCollateralType_clERKNS_7String_EPNS_15CollateralType_6Value_E
FNDA:5,_ZN3Dal12_GLOBAL__N_121TheCollateralTypeListEv
FNDA:7,_ZN3Dal15CollateralType_C2ERKNS_7String_E
FNDA:1,_ZN3Dal21CollateralTypeListAllEv
FNF:6
FNH:5
DA:2,6
DA:4,5
DA:5,5
DA:9,1
DA:10,1
DA:11,1
DA:12,1
DA:13,1
DA:15,1
DA:19,0
DA:20,0
DA:25,0
DA:26,0
DA:27,0
DA:28,0
DA:29,0
DA:30,0
DA:38,7
DA:42,7
DA:45,7
DA:46,2
DA:48,5
DA:49,2
DA:51,3
DA:52,2
DA:55,7
DA:59,7
DA:60,7
DA:61,7
DA:62,6
DA:63,4
LF:31
LH:23
end_of_record
TN:
SF:/home/wegamekinglc/dev/github/my-claude/workspace/Derivatives-Algorithms-Lib/dal/auto/MG_Cubic1_Read.inc
FN:17,20,_ZNK3Dal6Cubic17Reader_5BuildEv
FN:21,23,_ZNK3Dal6Cubic17Reader_5BuildERKNS_7Archive5View_ERNS2_6Built_E
FN:26,28,_ZN3Dal6Cubic17Reader_C2EPFvRKNS_7String_EPKNS_7Archive7Reader_EE
FN:8,16,_ZN3Dal6Cubic17Reader_C2ERKNS_7Archive5View_ERNS2_6Built_E
FNDA:2,_ZNK3Dal6Cubic17Reader_5BuildEv
FNDA:2,_ZNK3Dal6Cubic17Reader_5BuildERKNS_7Archive5View_ERNS2_6Built_E
FNDA:1,_ZN3Dal6Cubic17Reader_C2EPFvRKNS_7String_EPKNS_7Archive7Reader_EE
FNDA:2,_ZN3Dal6Cubic17Reader_C2ERKNS_7Archive5View_ERNS2_6Built_E
FNF:4
FNH:4
DA:8,2
DA:12,2
DA:13,2
DA:14,2
DA:15,4
DA:16,2
DA:17,2
DA:19,2
DA:21,2
DA:22,2
DA:26,1
DA:27,1
DA:28,1
LF:13
LH:13
end_of_record
TN:
SF:/home/wegamekinglc/dev/github/my-claude/workspace/Derivatives-Algorithms-Lib/dal/auto/MG_Cubic1_Write.inc
FN:4,12,_ZN3Dal6Cubic16XWriteERNS_7Archive6Store_ERKNS_7String_ERKNS_7Vector_IdEESA_SA_
FNDA:2,_ZN3Dal6Cubic16XWriteERNS_7Archive6Store_ERKNS_7String_ERKNS_7Vector_IdEESA_SA_
FNF:1
FNH:1
DA:4,2
DA:6,4
DA:7,4
DA:8,2
DA:9,2
DA:10,2
DA:11,2
DA:12,2
LF:8
LH:8
end_of_record
TN:
SF:/home/wegamekinglc/dev/github/my-claude/workspace/Derivatives-Algorithms-Lib/dal/auto/MG_CurveKnotPolicy_enum.hpp
FN:15,17,_ZN3Dal16CurveKnotPolicy_C2ENS0_6Value_E
FNDA:0,_ZN3Dal16CurveKnotPolicy_C2ENS0_6Value_E
FNF:1
FNH:0
DA:15,8
DA:16,0
DA:17,0
DA:28,16
LF:4
LH:2
end_of_record
TN:
SF:/home/wegamekinglc/dev/github/my-claude/workspace/Derivatives-Algorithms-Lib/dal/auto/MG_CurveKnotPolicy_enum.inc
FN:19,32,_ZNK3Dal16CurveKnotPolicy_6StringEv
FN:2,2,_ZN3DaleqERKNS_16CurveKnotPolicy_ES2_
FN:38,56,_ZNK3Dal26ReadStringCurveKnotPolicy_clERKNS_7String_EPNS_16CurveKnotPolicy_6Value_E
FN:4,6,_ZN3Dal12_GLOBAL__N_122TheCurveKnotPolicyListEv
FN:59,64,_ZN3Dal16CurveKnotPolicy_C2ERKNS_7String_E
FN:9,16,_ZN3Dal22CurveKnotPolicyListAllEv
FNDA:0,_ZNK3Dal16CurveKnotPolicy_6StringEv
FNDA:0,_ZN3DaleqERKNS_16CurveKnotPolicy_ES2_
FNDA:0,_ZNK3Dal26ReadStringCurveKnotPolicy_clERKNS_7String_EPNS_16CurveKnotPolicy_6Value_E
FNDA:0,_ZN3Dal12_GLOBAL__N_122TheCurveKnotPolicyListEv
FNDA:0,_ZN3Dal16CurveKnotPolicy_C2ERKNS_7String_E
FNDA:0,_ZN3Dal22CurveKnotPolicyListAllEv
FNF:6
FNH:0
DA:2,0
DA:4,0
DA:5,0
DA:9,0
DA:10,0
DA:11,0
DA:12,0
DA:13,0
DA:15,0
DA:19,0
DA:20,0
DA:25,0
DA:26,0
DA:27,0
DA:28,0
DA:29,0
DA:30,0
DA:38,0
DA:42,0
DA:45,0
DA:46,0
DA:48,0
DA:49,0
DA:51,0
DA:52,0
DA:55,0
DA:59,0
DA:60,0
DA:61,0
DA:62,0
DA:63,0
LF:31
LH:0
end_of_record
TN:
SF:/home/wegamekinglc/dev/github/my-claude/workspace/Derivatives-Algorithms-Lib/dal/auto/MG_CurveParameterization_enum.hpp
FN:16,18,_ZN3Dal22CurveParameterization_C2ENS0_6Value_E
FNDA:0,_ZN3Dal22CurveParameterization_C2ENS0_6Value_E
FNF:1
FNH:0
DA:16,12
DA:17,0
DA:18,0
DA:29,733
LF:4
LH:2
end_of_record
TN:
SF:/home/wegamekinglc/dev/github/my-claude/workspace/Derivatives-Algorithms-Lib/dal/auto/MG_CurveParameterization_enum.inc
FN:2,2,_ZN3DaleqERKNS_22CurveParameterization_ES2_
FN:20,35,_ZNK3Dal22CurveParameterization_6StringEv
FN:4,6,_ZN3Dal12_GLOBAL__N_128TheCurveParameterizationListEv
FN:41,62,_ZNK3Dal32ReadStringCurveParameterization_clERKNS_7String_EPNS_22CurveParameterization_6Value_E
FN:65,70,_ZN3Dal22CurveParameterization_C2ERKNS_7String_E
FN:9,17,_ZN3Dal28CurveParameterizationListAllEv
FNDA:0,_ZN3DaleqERKNS_22CurveParameterization_ES2_
FNDA:0,_ZNK3Dal22CurveParameterization_6StringEv
FNDA:0,_ZN3Dal12_GLOBAL__N_128TheCurveParameterizationListEv
FNDA:0,_ZNK3Dal32ReadStringCurveParameterization_clERKNS_7String_EPNS_22CurveParameterization_6Value_E
FNDA:0,_ZN3Dal22CurveParameterization_C2ERKNS_7String_E
FNDA:0,_ZN3Dal28CurveParameterizationListAllEv
FNF:6
FNH:0
DA:2,0
DA:4,0
DA:5,0
DA:9,0
DA:10,0
DA:11,0
DA:12,0
DA:13,0
DA:14,0
DA:16,0
DA:20,0
DA:21,0
DA:26,0
DA:27,0
DA:28,0
DA:29,0
DA:30,0
DA:31,0
DA:32,0
DA:33,0
DA:41,0
DA:45,0
DA:48,0
DA:49,0
DA:51,0
DA:52,0
DA:54,0
DA:55,0
DA:57,0
DA:58,0
DA:61,0
DA:65,0
DA:66,0
DA:67,0
DA:68,0
DA:69,0
LF:36
LH:0
end_of_record
TN:
SF:/home/wegamekinglc/dev/github/my-claude/workspace/Derivatives-Algorithms-Lib/dal/auto/MG_CurveSolveMode_enum.hpp
FN:14,16,_ZN3Dal15CurveSolveMode_C2ENS0_6Value_E
FNDA:0,_ZN3Dal15CurveSolveMode_C2ENS0_6Value_E
FNF:1
FNH:0
DA:14,8
DA:15,0
DA:16,0
DA:27,16
DA:35,8
LF:5
LH:3
end_of_record
TN:
SF:/home/wegamekinglc/dev/github/my-claude/workspace/Derivatives-Algorithms-Lib/dal/auto/MG_CurveSolveMode_enum.inc
FN:18,29,_ZNK3Dal15CurveSolveMode_6StringEv
FN:2,2,_ZN3DaleqERKNS_15CurveSolveMode_ES2_
FN:35,50,_ZNK3Dal25ReadStringCurveSolveMode_clERKNS_7String_EPNS_15CurveSolveMode_6Value_E
FN:4,6,_ZN3Dal12_GLOBAL__N_121TheCurveSolveModeListEv
FN:53,58,_ZN3Dal15CurveSolveMode_C2ERKNS_7String_E
FN:9,15,_ZN3Dal21CurveSolveModeListAllEv
FNDA:0,_ZNK3Dal15CurveSolveMode_6StringEv
FNDA:0,_ZN3DaleqERKNS_15CurveSolveMode_ES2_
FNDA:0,_ZNK3Dal25ReadStringCurveSolveMode_clERKNS_7String_EPNS_15CurveSolveMode_6Value_E
FNDA:0,_ZN3Dal12_GLOBAL__N_121TheCurveSolveModeListEv
FNDA:0,_ZN3Dal15CurveSolveMode_C2ERKNS_7String_E
FNDA:0,_ZN3Dal21CurveSolveModeListAllEv
FNF:6
FNH:0
DA:2,0
DA:4,0
DA:5,0
DA:9,0
DA:10,0
DA:11,0
DA:12,0
DA:14,0
DA:18,0
DA:19,0
DA:24,0
DA:25,0
DA:26,0
DA:27,0
DA:35,0
DA:39,0
DA:42,0
DA:43,0
DA:45,0
DA:46,0
DA:49,0
DA:53,0
DA:54,0
DA:55,0
DA:56,0
DA:57,0
LF:26
LH:0
end_of_record
TN:
SF:/home/wegamekinglc/dev/github/my-claude/workspace/Derivatives-Algorithms-Lib/dal/auto/MG_DateGeneration_enum.hpp
FN:14,16,_ZN3Dal15DateGeneration_C2ENS0_6Value_E
FNDA:0,_ZN3Dal15DateGeneration_C2ENS0_6Value_E
FNF:1
FNH:0
DA:14,0
DA:15,0
DA:16,0
LF:3
LH:0
end_of_record
TN:
SF:/home/wegamekinglc/dev/github/my-claude/workspace/Derivatives-Algorithms-Lib/dal/auto/MG_DateGeneration_enum.inc
FN:18,29,_ZNK3Dal15DateGeneration_6StringEv
FN:2,2,_ZN3DaleqERKNS_15DateGeneration_ES2_
FN:35,50,_ZNK3Dal25ReadStringDateGeneration_clERKNS_7String_EPNS_15DateGeneration_6Value_E
FN:4,6,_ZN3Dal12_GLOBAL__N_121TheDateGenerationListEv
FN:53,58,_ZN3Dal15DateGeneration_C2ERKNS_7String_E
FN:9,15,_ZN3Dal21DateGenerationListAllEv
FNDA:0,_ZNK3Dal15DateGeneration_6StringEv
FNDA:9,_ZN3DaleqERKNS_15DateGeneration_ES2_
FNDA:17,_ZNK3Dal25ReadStringDateGeneration_clERKNS_7String_EPNS_15DateGeneration_6Value_E
FNDA:0,_ZN3Dal12_GLOBAL__N_121TheDateGenerationListEv
FNDA:17,_ZN3Dal15DateGeneration_C2ERKNS_7String_E
FNDA:0,_ZN3Dal21DateGenerationListAllEv
FNF:6
FNH:3
DA:2,9
DA:4,0
DA:5,0
DA:9,0
DA:10,0
DA:11,0
DA:12,0
DA:14,0
DA:18,0
DA:19,0
DA:24,0
DA:25,0
DA:26,0
DA:27,0
DA:35,17
DA:39,17
DA:42,17
DA:43,2
DA:45,15
DA:46,15
DA:49,17
DA:53,17
DA:54,17
DA:55,17
DA:56,17
DA:57,0
LF:26
LH:12
end_of_record
TN:
SF:/home/wegamekinglc/dev/github/my-claude/workspace/Derivatives-Algorithms-Lib/dal/auto/MG_DateStepSize_enum.inc
FN:44,88,_ZNK12_GLOBAL__N_123ReadStringDateStepSize_clERKN3Dal7String_EPNS_13DateStepSize_6Value_E
FN:91,96,_ZN12_GLOBAL__N_113DateStepSize_C2ERKN3Dal7String_E
FNDA:14,_ZNK12_GLOBAL__N_123ReadStringDateStepSize_clERKN3Dal7String_EPNS_13DateStepSize_6Value_E
FNDA:14,_ZN12_GLOBAL__N_113DateStepSize_C2ERKN3Dal7String_E
FNF:2
FNH:2
DA:44,14
DA:48,14
DA:51,14
DA:52,1
DA:53,13
DA:54,0
DA:55,13
DA:56,0
DA:58,13
DA:59,9
DA:60,4
DA:61,0
DA:62,4
DA:63,0
DA:65,4
DA:66,0
DA:67,4
DA:68,0
DA:69,4
DA:70,0
DA:72,4
DA:73,3
DA:74,1
DA:75,0
DA:76,1
DA:77,0
DA:79,1
DA:80,1
DA:81,0
DA:82,0
DA:83,0
DA:84,0
DA:87,14
DA:91,14
DA:92,14
DA:93,14
DA:94,14
DA:95,0
LF:38
LH:24
end_of_record
TN:
SF:/home/wegamekinglc/dev/github/my-claude/workspace/Derivatives-Algorithms-Lib/dal/auto/MG_DayBasis_enum.hpp
FNF:0
FNH:0
DA:3,166
LF:1
LH:1
end_of_record
TN:
SF:/home/wegamekinglc/dev/github/my-claude/workspace/Derivatives-Algorithms-Lib/dal/auto/MG_DayBasis_enum.inc
FN:141,158,_ZN3Dal9DayBasis_C2ERKNS_7String_E
FN:160,167,_ZN3Dal24DayBasis_RejectDuplicateERKNS_7String_E
FN:17,32,_ZN3Dal8DayBasis17RegisterExtensionERKNS_7Vector_INS_7String_EEERKNS_7Handle_INS_9DayBasis_10Extension_EEE
FN:2,2,_ZN3DaleqERKNS_9DayBasis_ES2_
FN:3,3,_ZN3Dal9DayBasis_10Extension_D0Ev
FN:3,3,_ZN3Dal9DayBasis_10Extension_D2Ev
FN:34,60,_ZN3Dal15DayBasisListAllEv
FN:5,7,_ZN3Dal12_GLOBAL__N_115TheDayBasisListEv
FN:64,82,_ZNK3Dal9DayBasis_6StringEv
FN:88,138,_ZNK3Dal19ReadStringDayBasis_clERKNS_7String_EPNS_9DayBasis_6Value_E
FN:9,12,_ZN3Dal12_GLOBAL__N_121TheDayBasisExtensionsEv
FNDA:753,_ZN3Dal9DayBasis_C2ERKNS_7String_E
FNDA:0,_ZN3Dal24DayBasis_RejectDuplicateERKNS_7String_E
FNDA:0,_ZN3Dal8DayBasis17RegisterExtensionERKNS_7Vector_INS_7String_EEERKNS_7Handle_INS_9DayBasis_10Extension_EEE
FNDA:0,_ZN3DaleqERKNS_9DayBasis_ES2_
FNDA:0,_ZN3Dal9DayBasis_10Extension_D0Ev
FNDA:0,_ZN3Dal9DayBasis_10Extension_D2Ev
FNDA:0,_ZN3Dal15DayBasisListAllEv
FNDA:0,_ZN3Dal12_GLOBAL__N_115TheDayBasisListEv
FNDA:0,_ZNK3Dal9DayBasis_6StringEv
FNDA:753,_ZNK3Dal19ReadStringDayBasis_clERKNS_7String_EPNS_9DayBasis_6Value_E
FNDA:0,_ZN3Dal12_GLOBAL__N_121TheDayBasisExtensionsEv
FNF:11
FNH:2
DA:2,0
DA:3,0
DA:5,0
DA:6,0
DA:9,0
DA:11,0
DA:17,0
DA:21,0
DA:23,0
DA:24,0
DA:26,0
DA:27,0
DA:30,0
DA:31,0
DA:32,0
DA:34,0
DA:36,0
DA:45,0
DA:46,0
DA:47,0
DA:48,0
DA:50,0
DA:52,0
DA:53,0
DA:55,0
DA:57,0
DA:59,0
DA:64,0
DA:65,0
DA:70,0
DA:71,0
DA:72,0
DA:73,0
DA:74,0
DA:75,0
DA:76,0
DA:77,0
DA:78,0
DA:79,0
DA:80,0
DA:81,0
DA:88,753
DA:92,753
DA:95,753
DA:96,749
DA:97,4
DA:98,1
DA:99,3
DA:100,0
DA:101,3
DA:102,0
DA:104,3
DA:105,0
DA:106,3
DA:107,0
DA:108,3
DA:109,0
DA:111,3
DA:112,1
DA:113,2
DA:114,0
DA:115,2
DA:116,0
DA:117,2
DA:118,0
DA:120,2
DA:121,1
DA:122,1
DA:123,0
DA:124,1
DA:125,0
DA:127,1
DA:128,1
DA:129,0
DA:130,0
DA:131,0
DA:132,0
DA:133,0
DA:134,0
DA:137,753
DA:141,753
DA:142,753
DA:143,753
DA:148,0
DA:149,0
DA:151,0
DA:157,0
DA:160,0
DA:162,0
DA:165,0
DA:166,0
DA:167,0
LF:92
LH:26
end_of_record
TN:
SF:/home/wegamekinglc/dev/github/my-claude/workspace/Derivatives-Algorithms-Lib/dal/auto/MG_DiscountPWLF_v1_Read.inc
FN:10,20,_ZN3Dal15DiscountPWLF_v17Reader_C2ERKNS_7Archive5View_ERNS2_6Built_E
FN:22,24,_ZNK3Dal15DiscountPWLF_v17Reader_5BuildERKNS_7Archive5View_ERNS2_6Built_E
FN:27,29,_ZN3Dal15DiscountPWLF_v17Reader_C2EPFvRKNS_7String_EPKNS_7Archive7Reader_EE
FNDA:0,_ZN3Dal15DiscountPWLF_v17Reader_C2ERKNS_7Archive5View_ERNS2_6Built_E
FNDA:0,_ZNK3Dal15DiscountPWLF_v17Reader_5BuildERKNS_7Archive5View_ERNS2_6Built_E
FNDA:1,_ZN3Dal15DiscountPWLF_v17Reader_C2EPFvRKNS_7String_EPKNS_7Archive7Reader_EE
FNF:3
FNH:1
DA:10,0
DA:14,0
DA:15,0
DA:16,0
DA:17,0
DA:18,0
DA:19,0
DA:20,0
DA:22,0
DA:23,0
DA:27,1
DA:28,1
DA:29,1
LF:13
LH:3
end_of_record
TN:
SF:/home/wegamekinglc/dev/github/my-claude/workspace/Derivatives-Algorithms-Lib/dal/auto/MG_DiscountPWLF_v1_Write.inc
FN:4,14,_ZN3Dal15DiscountPWLF_v16XWriteERNS_7Archive6Store_ERKNS_7String_ES6_RKNS_7Vector_INS_5Date_EEERKNS7_IdEESE_RKNS_7Handle_INS_14DiscountCurve_EEE
FNDA:0,_ZN3Dal15DiscountPWLF_v16XWriteERNS_7Archive6Store_ERKNS_7String_ES6_RKNS_7Vector_INS_5Date_EEERKNS7_IdEESE_RKNS_7Handle_INS_14DiscountCurve_EEE
FNF:1
FNH:0
DA:4,0
DA:6,0
DA:7,0
DA:8,0
DA:9,0
DA:10,0
DA:11,0
DA:12,0
DA:13,0
DA:14,0
LF:10
LH:0
end_of_record
TN:
SF:/home/wegamekinglc/dev/github/my-claude/workspace/Derivatives-Algorithms-Lib/dal/auto/MG_DomainCondProp_enum.hpp
FN:15,17,_ZN3Dal6Script15DomainCondProp_C2ENS1_6Value_E
FNDA:5,_ZN3Dal6Script15DomainCondProp_C2ENS1_6Value_E
FNF:1
FNH:1
DA:15,5
DA:16,5
DA:17,5
DA:28,5
LF:4
LH:4
end_of_record
TN:
SF:/home/wegamekinglc/dev/github/my-claude/workspace/Derivatives-Algorithms-Lib/dal/auto/MG_DupireModelData_v1_Read.inc
FN:11,22,_ZN3Dal18DupireModelData_v17Reader_C2ERKNS_7Archive5View_ERNS2_6Built_E
FN:23,26,_ZNK3Dal18DupireModelData_v17Reader_5BuildEv
FN:27,29,_ZNK3Dal18DupireModelData_v17Reader_5BuildERKNS_7Archive5View_ERNS2_6Built_E
FN:32,34,_ZN3Dal18DupireModelData_v17Reader_C2EPFvRKNS_7String_EPKNS_7Archive7Reader_EE
FNDA:1,_ZN3Dal18DupireModelData_v17Reader_C2ERKNS_7Archive5View_ERNS2_6Built_E
FNDA:1,_ZNK3Dal18DupireModelData_v17Reader_5BuildEv
FNDA:1,_ZNK3Dal18DupireModelData_v17Reader_5BuildERKNS_7Archive5View_ERNS2_6Built_E
FNDA:1,_ZN3Dal18DupireModelData_v17Reader_C2EPFvRKNS_7String_EPKNS_7Archive7Reader_EE
FNF:4
FNH:4
DA:11,1
DA:15,1
DA:16,1
DA:17,1
DA:18,1
DA:19,1
DA:20,1
DA:21,2
DA:22,1
DA:23,1
DA:25,1
DA:27,1
DA:28,1
DA:32,1
DA:33,1
DA:34,1
LF:16
LH:16
end_of_record
TN:
SF:/home/wegamekinglc/dev/github/my-claude/workspace/Derivatives-Algorithms-Lib/dal/auto/MG_DupireModelData_v1_Write.inc
FN:4,15,_ZN3Dal18DupireModelData_v16XWriteERNS_7Archive6Store_ERKNS_7String_ERKdS8_S8_RKNS_7Vector_IdEESC_RKNS_7Matrix_IdEE
FNDA:1,_ZN3Dal18DupireModelData_v16XWriteERNS_7Archive6Store_ERKNS_7String_ERKdS8_S8_RKNS_7Vector_IdEESC_RKNS_7Matrix_IdEE
FNF:1
FNH:1
DA:4,1
DA:6,2
DA:7,2
DA:8,1
DA:9,1
DA:10,1
DA:11,1
DA:12,1
DA:13,1
DA:14,1
DA:15,1
LF:11
LH:11
end_of_record
TN:
SF:/home/wegamekinglc/dev/github/my-claude/workspace/Derivatives-Algorithms-Lib/dal/auto/MG_Fixings_Read.inc
FN:16,18,_ZNK3Dal12_GLOBAL__N_17Fixings7Reader_5BuildERKNS_7Archive5View_ERNS3_6Built_E
FN:21,23,_ZN3Dal12_GLOBAL__N_17Fixings7Reader_C2EPFvRKNS_7String_EPKNS_7Archive7Reader_EE
FN:7,14,_ZN3Dal12_GLOBAL__N_17Fixings7Reader_C2ERKNS_7Archive5View_ERNS3_6Built_E
FNDA:0,_ZNK3Dal12_GLOBAL__N_17Fixings7Reader_5BuildERKNS_7Archive5View_ERNS3_6Built_E
FNDA:1,_ZN3Dal12_GLOBAL__N_17Fixings7Reader_C2EPFvRKNS_7String_EPKNS_7Archive7Reader_EE
FNDA:0,_ZN3Dal12_GLOBAL__N_17Fixings7Reader_C2ERKNS_7Archive5View_ERNS3_6Built_E
FNF:3
FNH:1
DA:7,0
DA:11,0
DA:12,0
DA:13,0
DA:14,0
DA:16,0
DA:17,0
DA:21,1
DA:22,1
DA:23,1
LF:10
LH:3
end_of_record
TN:
SF:/home/wegamekinglc/dev/github/my-claude/workspace/Derivatives-Algorithms-Lib/dal/auto/MG_Fixings_Write.inc
FN:4,11,_ZN3Dal12_GLOBAL__N_17Fixings6XWriteERNS_7Archive6Store_ERKNS_7String_ERKNS_7Vector_IdEERKNS8_INS_9DateTime_EEE
FNDA:0,_ZN3Dal12_GLOBAL__N_17Fixings6XWriteERNS_7Archive6Store_ERKNS_7String_ERKNS_7Vector_IdEERKNS8_INS_9DateTime_EEE
FNF:1
FNH:0
DA:4,0
DA:6,0
DA:7,0
DA:8,0
DA:9,0
DA:10,0
DA:11,0
LF:7
LH:0
end_of_record
TN:
SF:/home/wegamekinglc/dev/github/my-claude/workspace/Derivatives-Algorithms-Lib/dal/auto/MG_Interp1Linear_v1_Read.inc
FN:15,18,_ZNK3Dal16Interp1Linear_v17Reader_5BuildEv
FN:19,21,_ZNK3Dal16Interp1Linear_v17Reader_5BuildERKNS_7Archive5View_ERNS2_6Built_E
FN:24,26,_ZN3Dal16Interp1Linear_v17Reader_C2EPFvRKNS_7String_EPKNS_7Archive7Reader_EE
FN:7,14,_ZN3Dal16Interp1Linear_v17Reader_C2ERKNS_7Archive5View_ERNS2_6Built_E
FNDA:8,_ZNK3Dal16Interp1Linear_v17Reader_5BuildEv
FNDA:8,_ZNK3Dal16Interp1Linear_v17Reader_5BuildERKNS_7Archive5View_ERNS2_6Built_E
FNDA:1,_ZN3Dal16Interp1Linear_v17Reader_C2EPFvRKNS_7String_EPKNS_7Archive7Reader_EE
FNDA:8,_ZN3Dal16Interp1Linear_v17Reader_C2ERKNS_7Archive5View_ERNS2_6Built_E
FNF:4
FNH:4
DA:7,8
DA:11,8
DA:12,8
DA:13,16
DA:14,8
DA:15,8
DA:17,8
DA:19,8
DA:20,8
DA:24,1
DA:25,1
DA:26,1
LF:12
LH:12
end_of_record
TN:
SF:/home/wegamekinglc/dev/github/my-claude/workspace/Derivatives-Algorithms-Lib/dal/auto/MG_Interp1Linear_v1_Write.inc
FN:4,11,_ZN3Dal16Interp1Linear_v16XWriteERNS_7Archive6Store_ERKNS_7String_ERKNS_7Vector_IdEESA_
FNDA:8,_ZN3Dal16Interp1Linear_v16XWriteERNS_7Archive6Store_ERKNS_7String_ERKNS_7Vector_IdEESA_
FNF:1
FNH:1
DA:4,8
DA:6,16
DA:7,16
DA:8,8
DA:9,8
DA:10,8
DA:11,8
LF:7
LH:7
end_of_record
TN:
SF:/home/wegamekinglc/dev/github/my-claude/workspace/Derivatives-Algorithms-Lib/dal/auto/MG_Interp2Linear_v1_Read.inc
FN:17,20,_ZNK12_GLOBAL__N_116Interp2Linear_v17Reader_5BuildEv
FN:21,23,_ZNK12_GLOBAL__N_116Interp2Linear_v17Reader_5BuildERKN3Dal7Archive5View_ERNS3_6Built_E
FN:26,28,_ZN12_GLOBAL__N_116Interp2Linear_v17Reader_C2EPFvRKN3Dal7String_EPKNS2_7Archive7Reader_EE
FN:8,16,_ZN12_GLOBAL__N_116Interp2Linear_v17Reader_C2ERKN3Dal7Archive5View_ERNS3_6Built_E
FNDA:0,_ZNK12_GLOBAL__N_116Interp2Linear_v17Reader_5BuildEv
FNDA:0,_ZNK12_GLOBAL__N_116Interp2Linear_v17Reader_5BuildERKN3Dal7Archive5View_ERNS3_6Built_E
FNDA:1,_ZN12_GLOBAL__N_116Interp2Linear_v17Reader_C2EPFvRKN3Dal7String_EPKNS2_7Archive7Reader_EE
FNDA:0,_ZN12_GLOBAL__N_116Interp2Linear_v17Reader_C2ERKN3Dal7Archive5View_ERNS3_6Built_E
FNF:4
FNH:1
DA:8,0
DA:12,0
DA:13,0
DA:14,0
DA:15,0
DA:16,0
DA:17,0
DA:19,0
DA:21,0
DA:22,0
DA:26,1
DA:27,1
DA:28,1
LF:13
LH:3
end_of_record
TN:
SF:/home/wegamekinglc/dev/github/my-claude/workspace/Derivatives-Algorithms-Lib/dal/auto/MG_Interp2Linear_v1_Write.inc
FN:4,12,_ZN12_GLOBAL__N_116Interp2Linear_v16XWriteERN3Dal7Archive6Store_ERKNS1_7String_ERKNS1_7Vector_IdEESB_RKNS1_7Matrix_IdEE
FNDA:0,_ZN12_GLOBAL__N_116Interp2Linear_v16XWriteERN3Dal7Archive6Store_ERKNS1_7String_ERKNS1_7Vector_IdEESB_RKNS1_7Matrix_IdEE
FNF:1
FNH:0
DA:4,0
DA:6,0
DA:7,0
DA:8,0
DA:9,0
DA:10,0
DA:11,0
DA:12,0
LF:8
LH:0
end_of_record
TN:
SF:/home/wegamekinglc/dev/github/my-claude/workspace/Derivatives-Algorithms-Lib/dal/auto/MG_LogLinear1_Read.inc
FN:15,18,_ZNK3Dal10LogLinear17Reader_5BuildEv
FN:19,21,_ZNK3Dal10LogLinear17Reader_5BuildERKNS_7Archive5View_ERNS2_6Built_E
FN:24,26,_ZN3Dal10LogLinear17Reader_C2EPFvRKNS_7String_EPKNS_7Archive7Reader_EE
FN:7,14,_ZN3Dal10LogLinear17Reader_C2ERKNS_7Archive5View_ERNS2_6Built_E
FNDA:2,_ZNK3Dal10LogLinear17Reader_5BuildEv
FNDA:2,_ZNK3Dal10LogLinear17Reader_5BuildERKNS_7Archive5View_ERNS2_6Built_E
FNDA:1,_ZN3Dal10LogLinear17Reader_C2EPFvRKNS_7String_EPKNS_7Archive7Reader_EE
FNDA:2,_ZN3Dal10LogLinear17Reader_C2ERKNS_7Archive5View_ERNS2_6Built_E
FNF:4
FNH:4
DA:7,2
DA:11,2
DA:12,2
DA:13,4
DA:14,2
DA:15,2
DA:17,2
DA:19,2
DA:20,2
DA:24,1
DA:25,1
DA:26,1
LF:12
LH:12
end_of_record
TN:
SF:/home/wegamekinglc/dev/github/my-claude/workspace/Derivatives-Algorithms-Lib/dal/auto/MG_LogLinear1_Write.inc
FN:4,11,_ZN3Dal10LogLinear16XWriteERNS_7Archive6Store_ERKNS_7String_ERKNS_7Vector_IdEESA_
FNDA:2,_ZN3Dal10LogLinear16XWriteERNS_7Archive6Store_ERKNS_7String_ERKNS_7Vector_IdEESA_
FNF:1
FNH:1
DA:4,2
DA:6,4
DA:7,4
DA:8,2
DA:9,2
DA:10,2
DA:11,2
LF:7
LH:7
end_of_record
TN:
SF:/home/wegamekinglc/dev/github/my-claude/workspace/Derivatives-Algorithms-Lib/dal/auto/MG_OptionType_enum.hpp
FN:15,17,_ZN3Dal11OptionType_C2ENS0_6Value_E
FNDA:3,_ZN3Dal11OptionType_C2ENS0_6Value_E
FNF:1
FNH:1
DA:15,3
DA:16,3
DA:17,3
DA:28,127706
LF:4
LH:4
end_of_record
TN:
SF:/home/wegamekinglc/dev/github/my-claude/workspace/Derivatives-Algorithms-Lib/dal/auto/MG_OptionType_enum.inc
FN:19,32,_ZNK3Dal11OptionType_6StringEv
FN:2,2,_ZN3DaleqERKNS_11OptionType_ES2_
FN:38,64,_ZNK3Dal21ReadStringOptionType_clERKNS_7String_EPNS_11OptionType_6Value_E
FN:4,6,_ZN3Dal12_GLOBAL__N_117TheOptionTypeListEv
FN:67,72,_ZN3Dal11OptionType_C2ERKNS_7String_E
FN:9,16,_ZN3Dal17OptionTypeListAllEv
FNDA:0,_ZNK3Dal11OptionType_6StringEv
FNDA:6,_ZN3DaleqERKNS_11OptionType_ES2_
FNDA:70802,_ZNK3Dal21ReadStringOptionType_clERKNS_7String_EPNS_11OptionType_6Value_E
FNDA:5,_ZN3Dal12_GLOBAL__N_117TheOptionTypeListEv
FNDA:70802,_ZN3Dal11OptionType_C2ERKNS_7String_E
FNDA:1,_ZN3Dal17OptionTypeListAllEv
FNF:6
FNH:5
DA:2,6
DA:4,5
DA:5,5
DA:9,1
DA:10,1
DA:11,1
DA:12,1
DA:13,1
DA:15,1
DA:19,0
DA:20,0
DA:25,0
DA:26,0
DA:27,0
DA:28,0
DA:29,0
DA:30,0
DA:38,70802
DA:42,70802
DA:45,70802
DA:46,70778
DA:47,24
DA:48,1
DA:50,23
DA:51,10
DA:52,13
DA:53,1
DA:55,12
DA:56,9
DA:57,3
DA:58,1
DA:59,2
DA:60,1
DA:63,70802
DA:67,70802
DA:68,70802
DA:69,70802
DA:70,70801
DA:71,4
LF:39
LH:31
end_of_record
TN:
SF:/home/wegamekinglc/dev/github/my-claude/workspace/Derivatives-Algorithms-Lib/dal/auto/MG_PeriodLength_enum.hpp
FNF:0
FNH:0
DA:22,2
LF:1
LH:1
end_of_record
TN:
SF:/home/wegamekinglc/dev/github/my-claude/workspace/Derivatives-Algorithms-Lib/dal/auto/MG_PeriodLength_enum.inc
FN:2,2,_ZN3DaleqERKNS_13PeriodLength_ES2_
FN:20,35,_ZNK3Dal13PeriodLength_6StringEv
FN:4,6,_ZN3Dal12_GLOBAL__N_119ThePeriodLengthListEv
FN:41,72,_ZNK3Dal23ReadStringPeriodLength_clERKNS_7String_EPNS_13PeriodLength_6Value_E
FN:75,80,_ZN3Dal13PeriodLength_C2ERKNS_7String_E
FN:9,17,_ZN3Dal19PeriodLengthListAllEv
FNDA:2,_ZN3DaleqERKNS_13PeriodLength_ES2_
FNDA:0,_ZNK3Dal13PeriodLength_6StringEv
FNDA:0,_ZN3Dal12_GLOBAL__N_119ThePeriodLengthListEv
FNDA:25,_ZNK3Dal23ReadStringPeriodLength_clERKNS_7String_EPNS_13PeriodLength_6Value_E
FNDA:25,_ZN3Dal13PeriodLength_C2ERKNS_7String_E
FNDA:0,_ZN3Dal19PeriodLengthListAllEv
FNF:6
FNH:3
DA:2,2
DA:4,0
DA:5,0
DA:9,0
DA:10,0
DA:11,0
DA:12,0
DA:13,0
DA:14,0
DA:16,0
DA:20,0
DA:21,0
DA:26,0
DA:27,0
DA:28,0
DA:29,0
DA:30,0
DA:31,0
DA:32,0
DA:33,0
DA:41,25
DA:45,25
DA:48,25
DA:49,1
DA:50,24
DA:51,2
DA:53,22
DA:54,0
DA:55,22
DA:56,1
DA:57,21
DA:58,6
DA:60,15
DA:61,2
DA:62,13
DA:63,9
DA:65,4
DA:66,1
DA:67,3
DA:68,2
DA:71,25
DA:75,25
DA:76,25
DA:77,25
DA:78,24
DA:79,4
LF:46
LH:26
end_of_record
TN:
SF:/home/wegamekinglc/dev/github/my-claude/workspace/Derivatives-Algorithms-Lib/dal/auto/MG_PiecewiseConstant_v1_Read.inc
FN:15,18,_ZNK3Dal12_GLOBAL__N_120PiecewiseConstant_v17Reader_5BuildEv
FN:19,21,_ZNK3Dal12_GLOBAL__N_120PiecewiseConstant_v17Reader_5BuildERKNS_7Archive5View_ERNS3_6Built_E
FN:24,26,_ZN3Dal12_GLOBAL__N_120PiecewiseConstant_v17Reader_C2EPFvRKNS_7String_EPKNS_7Archive7Reader_EE
FN:7,14,_ZN3Dal12_GLOBAL__N_120PiecewiseConstant_v17Reader_C2ERKNS_7Archive5View_ERNS3_6Built_E
FNDA:0,_ZNK3Dal12_GLOBAL__N_120PiecewiseConstant_v17Reader_5BuildEv
FNDA:0,_ZNK3Dal12_GLOBAL__N_120PiecewiseConstant_v17Reader_5BuildERKNS_7Archive5View_ERNS3_6Built_E
FNDA:1,_ZN3Dal12_GLOBAL__N_120PiecewiseConstant_v17Reader_C2EPFvRKNS_7String_EPKNS_7Archive7Reader_EE
FNDA:0,_ZN3Dal12_GLOBAL__N_120PiecewiseConstant_v17Reader_C2ERKNS_7Archive5View_ERNS3_6Built_E
FNF:4
FNH:1
DA:7,0
DA:11,0
DA:12,0
DA:13,0
DA:14,0
DA:15,0
DA:17,0
DA:19,0
DA:20,0
DA:24,1
DA:25,1
DA:26,1
LF:12
LH:3
end_of_record
TN:
SF:/home/wegamekinglc/dev/github/my-claude/workspace/Derivatives-Algorithms-Lib/dal/auto/MG_PiecewiseConstant_v1_Write.inc
FN:4,11,_ZN3Dal12_GLOBAL__N_120PiecewiseConstant_v16XWriteERNS_7Archive6Store_ERKNS_7Vector_INS_5Date_EEERKNS5_IdEERKNS_7String_E
FNDA:0,_ZN3Dal12_GLOBAL__N_120PiecewiseConstant_v16XWriteERNS_7Archive6Store_ERKNS_7Vector_INS_5Date_EEERKNS5_IdEERKNS_7String_E
FNF:1
FNH:0
DA:4,0
DA:6,0
DA:7,0
DA:8,0
DA:9,0
DA:10,0
DA:11,0
LF:7
LH:0
end_of_record
TN:
SF:/home/wegamekinglc/dev/github/my-claude/workspace/Derivatives-Algorithms-Lib/dal/auto/MG_PseudoRSG_v1_Read.inc
FN:17,20,_ZNK3Dal12PseudoRSG_v17Reader_5BuildEv
FN:21,23,_ZNK3Dal12PseudoRSG_v17Reader_5BuildERKNS_7Archive5View_ERNS2_6Built_E
FN:26,28,_ZN3Dal12PseudoRSG_v17Reader_C2EPFvRKNS_7String_EPKNS_7Archive7Reader_EE
FN:8,16,_ZN3Dal12PseudoRSG_v17Reader_C2ERKNS_7Archive5View_ERNS2_6Built_E
FNDA:0,_ZNK3Dal12PseudoRSG_v17Reader_5BuildEv
FNDA:0,_ZNK3Dal12PseudoRSG_v17Reader_5BuildERKNS_7Archive5View_ERNS2_6Built_E
FNDA:1,_ZN3Dal12PseudoRSG_v17Reader_C2EPFvRKNS_7String_EPKNS_7Archive7Reader_EE
FNDA:0,_ZN3Dal12PseudoRSG_v17Reader_C2ERKNS_7Archive5View_ERNS2_6Built_E
FNF:4
FNH:1
DA:3,0
DA:8,0
DA:12,0
DA:13,0
DA:14,0
DA:15,0
DA:16,0
DA:17,0
DA:19,0
DA:21,0
DA:22,0
DA:26,1
DA:27,1
DA:28,1
LF:14
LH:3
end_of_record
TN:
SF:/home/wegamekinglc/dev/github/my-claude/workspace/Derivatives-Algorithms-Lib/dal/auto/MG_PseudoRSG_v1_Write.inc
FN:4,12,_ZN3Dal12PseudoRSG_v16XWriteERNS_7Archive6Store_ERKNS_7String_ERKdS8_RKb
FNDA:0,_ZN3Dal12PseudoRSG_v16XWriteERNS_7Archive6Store_ERKNS_7String_ERKdS8_RKb
FNF:1
FNH:0
DA:4,0
DA:6,0
DA:7,0
DA:8,0
DA:9,0
DA:10,0
DA:11,0
DA:12,0
LF:8
LH:0
end_of_record
TN:
SF:/home/wegamekinglc/dev/github/my-claude/workspace/Derivatives-Algorithms-Lib/dal/auto/MG_RNGType_enum.inc
FN:18,29,_ZNK3Dal8RNGType_6StringEv
FN:2,2,_ZN3DaleqERKNS_8RNGType_ES2_
FN:35,54,_ZNK3Dal18ReadStringRNGType_clERKNS_7String_EPNS_8RNGType_6Value_E
FN:4,6,_ZN3Dal12_GLOBAL__N_114TheRNGTypeListEv
FN:57,62,_ZN3Dal8RNGType_C2ERKNS_7String_E
FN:9,15,_ZN3Dal14RNGTypeListAllEv
FNDA:0,_ZNK3Dal8RNGType_6StringEv
FNDA:18,_ZN3DaleqERKNS_8RNGType_ES2_
FNDA:28,_ZNK3Dal18ReadStringRNGType_clERKNS_7String_EPNS_8RNGType_6Value_E
FNDA:0,_ZN3Dal12_GLOBAL__N_114TheRNGTypeListEv
FNDA:28,_ZN3Dal8RNGType_C2ERKNS_7String_E
FNDA:0,_ZN3Dal14RNGTypeListAllEv
FNF:6
FNH:3
DA:2,18
DA:4,0
DA:5,0
DA:9,0
DA:10,0
DA:11,0
DA:12,0
DA:14,0
DA:18,0
DA:19,0
DA:24,0
DA:25,0
DA:26,0
DA:27,0
DA:35,28
DA:39,28
DA:42,28
DA:43,12
DA:44,16
DA:45,0
DA:47,16
DA:48,16
DA:49,0
DA:50,0
DA:53,28
DA:57,28
DA:58,28
DA:59,28
DA:60,28
DA:61,0
LF:30
LH:13
end_of_record
TN:
SF:/home/wegamekinglc/dev/github/my-claude/workspace/Derivatives-Algorithms-Lib/dal/auto/MG_Report_v1_Read.inc
FN:10,22,_ZN3Dal12_GLOBAL__N_19Report_v17Reader_C2ERKNS_7Archive5View_ERNS3_6Built_E
FN:24,26,_ZNK3Dal12_GLOBAL__N_19Report_v17Reader_5BuildERKNS_7Archive5View_ERNS3_6Built_E
FN:29,31,_ZN3Dal12_GLOBAL__N_19Report_v17Reader_C2EPFvRKNS_7String_EPKNS_7Archive7Reader_EE
FNDA:0,_ZN3Dal12_GLOBAL__N_19Report_v17Reader_C2ERKNS_7Archive5View_ERNS3_6Built_E
FNDA:0,_ZNK3Dal12_GLOBAL__N_19Report_v17Reader_5BuildERKNS_7Archive5View_ERNS3_6Built_E
FNDA:1,_ZN3Dal12_GLOBAL__N_19Report_v17Reader_C2EPFvRKNS_7String_EPKNS_7Archive7Reader_EE
FNF:3
FNH:1
DA:10,0
DA:14,0
DA:15,0
DA:16,0
DA:17,0
DA:18,0
DA:19,0
DA:20,0
DA:21,0
DA:22,0
DA:24,0
DA:25,0
DA:29,1
DA:30,1
DA:31,1
LF:15
LH:3
end_of_record
TN:
SF:/home/wegamekinglc/dev/github/my-claude/workspace/Derivatives-Algorithms-Lib/dal/auto/MG_Report_v1_Write.inc
FN:4,14,_ZN3Dal12_GLOBAL__N_19Report_v16XWriteERNS_7Archive6Store_ERKNS_7String_ERKNS_7Vector_IS5_EERKNS8_IiEERKNS8_IdEERKNS8_IS9_EERKNS8_INS_7Matrix_INS_5Cell_EEEEE
FNDA:0,_ZN3Dal12_GLOBAL__N_19Report_v16XWriteERNS_7Archive6Store_ERKNS_7String_ERKNS_7Vector_IS5_EERKNS8_IiEERKNS8_IdEERKNS8_IS9_EERKNS8_INS_7Matrix_INS_5Cell_EEEEE
FNF:1
FNH:0
DA:4,0
DA:6,0
DA:7,0
DA:8,0
DA:9,0
DA:10,0
DA:11,0
DA:12,0
DA:13,0
DA:14,0
LF:10
LH:0
end_of_record
TN:
SF:/home/wegamekinglc/dev/github/my-claude/workspace/Derivatives-Algorithms-Lib/dal/auto/MG_RepositoryErase_enum.hpp
FN:16,18,_ZN3Dal16RepositoryErase_C2ENS0_6Value_E
FNDA:0,_ZN3Dal16RepositoryErase_C2ENS0_6Value_E
FNF:1
FNH:0
DA:16,2
DA:17,0
DA:18,0
DA:29,29
LF:4
LH:2
end_of_record
TN:
SF:/home/wegamekinglc/dev/github/my-claude/workspace/Derivatives-Algorithms-Lib/dal/auto/MG_RepositoryErase_enum.inc
FN:2,2,_ZN3DaleqERKNS_16RepositoryErase_ES2_
FN:20,35,_ZNK3Dal16RepositoryErase_6StringEv
FN:4,6,_ZN3Dal12_GLOBAL__N_122TheRepositoryEraseListEv
FN:41,62,_ZNK3Dal26ReadStringRepositoryErase_clERKNS_7String_EPNS_16RepositoryErase_6Value_E
FN:65,70,_ZN3Dal16RepositoryErase_C2ERKNS_7String_E
FN:9,17,_ZN3Dal22RepositoryEraseListAllEv
FNDA:0,_ZN3DaleqERKNS_16RepositoryErase_ES2_
FNDA:0,_ZNK3Dal16RepositoryErase_6StringEv
FNDA:0,_ZN3Dal12_GLOBAL__N_122TheRepositoryEraseListEv
FNDA:28,_ZNK3Dal26ReadStringRepositoryErase_clERKNS_7String_EPNS_16RepositoryErase_6Value_E
FNDA:28,_ZN3Dal16RepositoryErase_C2ERKNS_7String_E
FNDA:0,_ZN3Dal22RepositoryEraseListAllEv
FNF:6
FNH:2
DA:2,0
DA:4,0
DA:5,0
DA:9,0
DA:10,0
DA:11,0
DA:12,0
DA:13,0
DA:14,0
DA:16,0
DA:20,0
DA:21,0
DA:26,0
DA:27,0
DA:28,0
DA:29,0
DA:30,0
DA:31,0
DA:32,0
DA:33,0
DA:41,28
DA:45,28
DA:48,28
DA:49,0
DA:51,28
DA:52,0
DA:54,28
DA:55,28
DA:57,0
DA:58,0
DA:61,28
DA:65,28
DA:66,28
DA:67,28
DA:68,28
DA:69,0
LF:36
LH:11
end_of_record
TN:
SF:/home/wegamekinglc/dev/github/my-claude/workspace/Derivatives-Algorithms-Lib/dal/auto/MG_ScriptProductData_v1_Read.inc
FN:15,18,_ZNK3Dal6Script20ScriptProductData_v17Reader_5BuildEv
FN:19,21,_ZNK3Dal6Script20ScriptProductData_v17Reader_5BuildERKNS_7Archive5View_ERNS3_6Built_E
FN:24,26,_ZN3Dal6Script20ScriptProductData_v17Reader_C2EPFvRKNS_7String_EPKNS_7Archive7Reader_EE
FN:7,14,_ZN3Dal6Script20ScriptProductData_v17Reader_C2ERKNS_7Archive5View_ERNS3_6Built_E
FNDA:0,_ZNK3Dal6Script20ScriptProductData_v17Reader_5BuildEv
FNDA:0,_ZNK3Dal6Script20ScriptProductData_v17Reader_5BuildERKNS_7Archive5View_ERNS3_6Built_E
FNDA:1,_ZN3Dal6Script20ScriptProductData_v17Reader_C2EPFvRKNS_7String_EPKNS_7Archive7Reader_EE
FNDA:0,_ZN3Dal6Script20ScriptProductData_v17Reader_C2ERKNS_7Archive5View_ERNS3_6Built_E
FNF:4
FNH:1
DA:7,0
DA:11,0
DA:12,0
DA:13,0
DA:14,0
DA:15,0
DA:17,0
DA:19,0
DA:20,0
DA:24,1
DA:25,1
DA:26,1
LF:12
LH:3
end_of_record
TN:
SF:/home/wegamekinglc/dev/github/my-claude/workspace/Derivatives-Algorithms-Lib/dal/auto/MG_ScriptProductData_v1_Write.inc
FN:4,11,_ZN3Dal6Script20ScriptProductData_v16XWriteERNS_7Archive6Store_ERKNS_7String_ERKNS_7Vector_INS_5Cell_EEERKNS8_IS5_EE
FNDA:0,_ZN3Dal6Script20ScriptProductData_v16XWriteERNS_7Archive6Store_ERKNS_7String_ERKNS_7Vector_INS_5Cell_EEERKNS8_IS5_EE
FNF:1
FNH:0
DA:4,0
DA:6,0
DA:7,0
DA:8,0
DA:9,0
DA:10,0
DA:11,0
LF:7
LH:0
end_of_record
TN:
SF:/home/wegamekinglc/dev/github/my-claude/workspace/Derivatives-Algorithms-Lib/dal/auto/MG_SobolRSG_v1_Read.inc
FN:17,20,_ZNK3Dal11SobolRSG_v17Reader_5BuildEv
FN:21,23,_ZNK3Dal11SobolRSG_v17Reader_5BuildERKNS_7Archive5View_ERNS2_6Built_E
FN:26,28,_ZN3Dal11SobolRSG_v17Reader_C2EPFvRKNS_7String_EPKNS_7Archive7Reader_EE
FN:8,16,_ZN3Dal11SobolRSG_v17Reader_C2ERKNS_7Archive5View_ERNS2_6Built_E
FNDA:0,_ZNK3Dal11SobolRSG_v17Reader_5BuildEv
FNDA:0,_ZNK3Dal11SobolRSG_v17Reader_5BuildERKNS_7Archive5View_ERNS2_6Built_E
FNDA:1,_ZN3Dal11SobolRSG_v17Reader_C2EPFvRKNS_7String_EPKNS_7Archive7Reader_EE
FNDA:0,_ZN3Dal11SobolRSG_v17Reader_C2ERKNS_7Archive5View_ERNS2_6Built_E
FNF:4
FNH:1
DA:3,0
DA:8,0
DA:12,0
DA:13,0
DA:14,0
DA:15,0
DA:16,0
DA:17,0
DA:19,0
DA:21,0
DA:22,0
DA:26,1
DA:27,1
DA:28,1
LF:14
LH:3
end_of_record
TN:
SF:/home/wegamekinglc/dev/github/my-claude/workspace/Derivatives-Algorithms-Lib/dal/auto/MG_SobolRSG_v1_Write.inc
FN:4,12,_ZN3Dal11SobolRSG_v16XWriteERNS_7Archive6Store_ERKNS_7String_ERKdS8_RKb
FNDA:0,_ZN3Dal11SobolRSG_v16XWriteERNS_7Archive6Store_ERKNS_7String_ERKdS8_RKb
FNF:1
FNH:0
DA:4,0
DA:6,0
DA:7,0
DA:8,0
DA:9,0
DA:10,0
DA:11,0
DA:12,0
LF:8
LH:0
end_of_record
TN:
SF:/home/wegamekinglc/dev/github/my-claude/workspace/Derivatives-Algorithms-Lib/dal/auto/MG_SpecialDay_enum.inc
FN:41,72,_ZNK12_GLOBAL__N_121ReadStringSpecialDay_clERKN3Dal7String_EPNS_11SpecialDay_6Value_E
FN:75,80,_ZN12_GLOBAL__N_111SpecialDay_C2ERKN3Dal7String_E
FNDA:4,_ZNK12_GLOBAL__N_121ReadStringSpecialDay_clERKN3Dal7String_EPNS_11SpecialDay_6Value_E
FNDA:4,_ZN12_GLOBAL__N_111SpecialDay_C2ERKN3Dal7String_E
FNF:2
FNH:2
DA:41,4
DA:45,4
DA:48,4
DA:49,1
DA:50,3
DA:51,0
DA:52,3
DA:53,0
DA:55,3
DA:56,1
DA:57,2
DA:58,0
DA:60,2
DA:61,1
DA:62,1
DA:63,0
DA:64,1
DA:65,0
DA:67,1
DA:68,1
DA:71,4
DA:75,4
DA:76,4
DA:77,4
DA:78,4
DA:79,0
LF:26
LH:20
end_of_record
TN:
SF:/home/wegamekinglc/dev/github/my-claude/workspace/Derivatives-Algorithms-Lib/dal/auto/MG_TradedRate_enum.hpp
FN:17,19,_ZN3Dal11TradedRate_C2ENS0_6Value_E
FNDA:0,_ZN3Dal11TradedRate_C2ENS0_6Value_E
FNF:1
FNH:0
DA:17,0
DA:18,0
DA:19,0
DA:30,8
LF:4
LH:1
end_of_record
TN:
SF:/home/wegamekinglc/dev/github/my-claude/workspace/Derivatives-Algorithms-Lib/dal/auto/MG_TradedRate_enum.inc
FN:2,2,_ZN3DaleqERKNS_11TradedRate_ES2_
FN:21,38,_ZNK3Dal11TradedRate_6StringEv
FN:4,6,_ZN3Dal12_GLOBAL__N_117TheTradedRateListEv
FN:44,68,_ZNK3Dal21ReadStringTradedRate_clERKNS_7String_EPNS_11TradedRate_6Value_E
FN:71,76,_ZN3Dal11TradedRate_C2ERKNS_7String_E
FN:9,18,_ZN3Dal17TradedRateListAllEv
FNDA:1,_ZN3DaleqERKNS_11TradedRate_ES2_
FNDA:2,_ZNK3Dal11TradedRate_6StringEv
FNDA:0,_ZN3Dal12_GLOBAL__N_117TheTradedRateListEv
FNDA:4,_ZNK3Dal21ReadStringTradedRate_clERKNS_7String_EPNS_11TradedRate_6Value_E
FNDA:4,_ZN3Dal11TradedRate_C2ERKNS_7String_E
FNDA:0,_ZN3Dal17TradedRateListAllEv
FNF:6
FNH:4
DA:2,1
DA:4,0
DA:5,0
DA:9,0
DA:10,0
DA:11,0
DA:12,0
DA:13,0
DA:14,0
DA:15,0
DA:17,0
DA:21,2
DA:22,2
DA:27,0
DA:28,0
DA:29,2
DA:30,2
DA:31,0
DA:32,0
DA:33,0
DA:34,0
DA:35,0
DA:36,0
DA:44,4
DA:48,4
DA:51,4
DA:52,0
DA:54,4
DA:55,2
DA:57,2
DA:58,1
DA:60,1
DA:61,0
DA:63,1
DA:64,1
DA:67,4
DA:71,4
DA:72,4
DA:73,4
DA:74,4
DA:75,0
LF:41
LH:20
end_of_record
TN:
SF:/home/wegamekinglc/dev/github/my-claude/workspace/Derivatives-Algorithms-Lib/dal/auto/MG_UnderdeterminedControls_object.inc
FN:17,27,_ZNK3Dal24UnderdeterminedControls_4DataEv
FN:3,16,_ZN3Dal24UnderdeterminedControls_C2ERKNS_11Dictionary_E
FNDA:0,_ZNK3Dal24UnderdeterminedControls_4DataEv
FNDA:13,_ZN3Dal24UnderdeterminedControls_C2ERKNS_11Dictionary_E
FNF:2
FNH:1
DA:3,13
DA:5,13
DA:6,13
DA:7,13
DA:8,13
DA:9,13
DA:10,13
DA:12,13
DA:13,13
DA:14,13
DA:15,13
DA:16,13
DA:17,0
DA:20,0
DA:21,0
DA:22,0
DA:23,0
DA:24,0
DA:25,0
DA:26,0
LF:20
LH:12
end_of_record
TN:
SF:/home/wegamekinglc/dev/github/my-claude/workspace/Derivatives-Algorithms-Lib/dal/concurrency/concurrentqueue.hpp
FN:28,28,_ZN3Dal16ConcurrentQueue_ISt13packaged_taskIFbvEEEC2Ev
FN:28,28,_ZN3Dal16ConcurrentQueue_IiEC2Ev
FN:29,29,_ZN3Dal16ConcurrentQueue_ISt13packaged_taskIFbvEEED2Ev
FN:29,29,_ZN3Dal16ConcurrentQueue_IiED2Ev
FN:36,43,_ZN3Dal16ConcurrentQueue_ISt13packaged_taskIFbvEEE6TryPopERS3_
FN:45,51,_ZN3Dal16ConcurrentQueue_ISt13packaged_taskIFbvEEE4PushES3_
FN:45,51,_ZN3Dal16ConcurrentQueue_IiE4PushEi
FN:53,62,_ZN3Dal16ConcurrentQueue_ISt13packaged_taskIFbvEEE3PopERS3_
FN:53,62,_ZN3Dal16ConcurrentQueue_IiE3PopERi
FN:64,70,_ZN3Dal16ConcurrentQueue_ISt13packaged_taskIFbvEEE9InterruptEv
FN:64,70,_ZN3Dal16ConcurrentQueue_IiE9InterruptEv
FN:74,77,_ZN3Dal16ConcurrentQueue_ISt13packaged_taskIFbvEEE5ClearEv
FNDA:1,_ZN3Dal16ConcurrentQueue_ISt13packaged_taskIFbvEEEC2Ev
FNDA:1,_ZN3Dal16ConcurrentQueue_IiEC2Ev
FNDA:1,_ZN3Dal16ConcurrentQueue_ISt13packaged_taskIFbvEEED2Ev
FNDA:1,_ZN3Dal16ConcurrentQueue_IiED2Ev
FNDA:114,_ZN3Dal16ConcurrentQueue_ISt13packaged_taskIFbvEEE6TryPopERS3_
FNDA:2573,_ZN3Dal16ConcurrentQueue_ISt13packaged_taskIFbvEEE4PushES3_
FNDA:2,_ZN3Dal16ConcurrentQueue_IiE4PushEi
FNDA:2555,_ZN3Dal16ConcurrentQueue_ISt13packaged_taskIFbvEEE3PopERS3_
FNDA:2,_ZN3Dal16ConcurrentQueue_IiE3PopERi
FNDA:4,_ZN3Dal16ConcurrentQueue_ISt13packaged_taskIFbvEEE9InterruptEv
FNDA:1,_ZN3Dal16ConcurrentQueue_IiE9InterruptEv
FNDA:3,_ZN3Dal16ConcurrentQueue_ISt13packaged_taskIFbvEEE5ClearEv
FNF:12
FNH:12
DA:28,2
DA:29,2
DA:36,114
DA:37,114
DA:38,114
DA:42,95
DA:45,2575
DA:47,2575
DA:50,2575
DA:51,2575
DA:53,2557
DA:54,2557
DA:55,2808
DA:56,251
DA:57,2557
DA:59,2
DA:61,2478
DA:64,5
DA:66,5
DA:67,5
DA:69,5
DA:70,5
DA:72,3
DA:74,3
DA:77,3
LF:25
LH:25
end_of_record
TN:
SF:/home/wegamekinglc/dev/github/my-claude/workspace/Derivatives-Algorithms-Lib/dal/concurrency/threadpool.cpp
FN:15,22,_ZN3Dal11ThreadPool_10ThreadFuncERKm
FN:24,37,_ZN3Dal11ThreadPool_5StartEmb
FN:39,50,_ZN3Dal11ThreadPool_4StopEv
FN:52,63,_ZN3Dal11ThreadPool_10ActiveWaitERKSt6futureIbE
FNDA:77,_ZN3Dal11ThreadPool_10ThreadFuncERKm
FNDA:3,_ZN3Dal11ThreadPool_5StartEmb
FNDA:3,_ZN3Dal11ThreadPool_4StopEv
FNDA:2573,_ZN3Dal11ThreadPool_10ActiveWaitERKSt6futureIbE
FNF:4
FNH:4
DA:15,77
DA:16,77
DA:18,2632
DA:19,2555
DA:20,2478
DA:22,77
DA:24,3
DA:25,3
DA:26,1
DA:28,3
DA:29,2
DA:31,3
DA:32,3
DA:33,80
DA:34,77
DA:35,3
DA:37,3
DA:39,3
DA:40,3
DA:41,3
DA:42,3
DA:45,3
DA:47,3
DA:48,3
DA:50,3
DA:52,2573
DA:55,2687
DA:56,114
DA:57,95
DA:60,19
DA:62,2573
DA:63,2573
LF:32
LH:32
end_of_record
TN:
SF:/home/wegamekinglc/dev/github/my-claude/workspace/Derivatives-Algorithms-Lib/dal/concurrency/threadpool.hpp
FN:33,35,_ZN3Dal11ThreadPool_C2Ev
FN:48,48,_ZN3Dal11ThreadPool_D2Ev
FN:57,62,_ZN3Dal11ThreadPool_9SpawnTaskIZN30AADTest_TestAADMutiThread_Test8TestBodyEvEUlvE_EESt6futureIbET_
FN:57,62,_ZN3Dal11ThreadPool_9SpawnTaskIZN49AADTest_TestWithCheckpointWithMultiThreading_Test8TestBodyEvEUlvE_EESt6futureIbET_
FN:57,62,_ZN3Dal11ThreadPool_9SpawnTaskIZNS_6Script12MCSimulationINS_3AAD7Number_EEENS2_11SimResults_ERKNS2_14ScriptProduct_ERKNS_7Handle_INS_10ModelData_EEEmRKNS_7String_EbbidEUlvE_EESt6futureIbET_
FN:57,62,_ZN3Dal11ThreadPool_9SpawnTaskIZNS_6Script12MCSimulationIdEENS2_11SimResults_ERKNS2_14ScriptProduct_ERKNS_7Handle_INS_10ModelData_EEEmRKNS_7String_EbbidEUlvE_EESt6futureIbET_
FNDA:1,_ZN3Dal11ThreadPool_C2Ev
FNDA:1,_ZN3Dal11ThreadPool_D2Ev
FNDA:49,_ZN3Dal11ThreadPool_9SpawnTaskIZN30AADTest_TestAADMutiThread_Test8TestBodyEvEUlvE_EESt6futureIbET_
FNDA:32,_ZN3Dal11ThreadPool_9SpawnTaskIZN49AADTest_TestWithCheckpointWithMultiThreading_Test8TestBodyEvEUlvE_EESt6futureIbET_
FNDA:1221,_ZN3Dal11ThreadPool_9SpawnTaskIZNS_6Script12MCSimulationINS_3AAD7Number_EEENS2_11SimResults_ERKNS2_14ScriptProduct_ERKNS_7Handle_INS_10ModelData_EEEmRKNS_7String_EbbidEUlvE_EESt6futureIbET_
FNDA:1271,_ZN3Dal11ThreadPool_9SpawnTaskIZNS_6Script12MCSimulationIdEENS2_11SimResults_ERKNS2_14ScriptProduct_ERKNS_7Handle_INS_10ModelData_EEEmRKNS_7String_EbbidEUlvE_EESt6futureIbET_
FNF:6
FNH:6
DA:33,1
DA:34,1
DA:35,1
DA:41,8
DA:44,2573
DA:48,1
DA:57,2573
DA:58,2573
DA:59,2573
DA:60,2573
DA:61,2573
DA:62,2573
LF:12
LH:12
end_of_record
TN:
SF:/home/wegamekinglc/dev/github/my-claude/workspace/Derivatives-Algorithms-Lib/dal/currency/currencydata.cpp
FN:25,25,_ZN3Dal12_GLOBAL__N_115XFactWriterImp_INS_9DayBasis_EE10SetDefaultERKS2_
FN:25,25,_ZN3Dal12_GLOBAL__N_115XFactWriterImp_INS_9Holidays_EE10SetDefaultERKS2_
FN:25,25,_ZN3Dal12_GLOBAL__N_115XFactWriterImp_IiE10SetDefaultERKi
FN:26,26,_ZN3Dal12_GLOBAL__N_115XFactWriterImp_INS_9DayBasis_EEclERKNS_4Ccy_ERKS2_
FN:26,26,_ZN3Dal12_GLOBAL__N_115XFactWriterImp_INS_9Holidays_EEclERKNS_4Ccy_ERKS2_
FN:26,26,_ZN3Dal12_GLOBAL__N_115XFactWriterImp_IiEclERKNS_4Ccy_ERKi
FN:35,35,_ZN3Dal12_GLOBAL__N_111OneFactImp_INS_9DayBasis_EEC2Ev
FN:35,35,_ZN3Dal12_GLOBAL__N_111OneFactImp_INS_9Holidays_EEC2Ev
FN:35,35,_ZN3Dal12_GLOBAL__N_111OneFactImp_IiEC2Ev
FN:37,43,_ZNK3Dal12_GLOBAL__N_111OneFactImp_INS_9DayBasis_EEclERKNS_4Ccy_E
FN:37,43,_ZNK3Dal12_GLOBAL__N_111OneFactImp_INS_9Holidays_EEclERKNS_4Ccy_E
FN:37,43,_ZNK3Dal12_GLOBAL__N_111OneFactImp_IiEclERKNS_4Ccy_E
FN:44,44,_ZNK3Dal12_GLOBAL__N_111OneFactImp_INS_9DayBasis_EE6XWriteEv
FN:44,44,_ZNK3Dal12_GLOBAL__N_111OneFactImp_INS_9Holidays_EE6XWriteEv
FN:44,44,_ZNK3Dal12_GLOBAL__N_111OneFactImp_IiE6XWriteEv
FN:52,52,_ZN3Dal3Ccy11Conventions15SwapPayHolidaysEv
FN:53,53,_ZN3Dal3Ccy11Conventions16LiborFixHolidaysEv
FN:54,54,_ZN3Dal3Ccy11Conventions12LiborFixDaysEv
FN:55,55,_ZN3Dal3Ccy11Conventions13LiborDayBasisEv
FN:56,56,_ZN3Dal3Ccy11Conventions17SwapFixedDayBasisEv
FNDA:0,_ZN3Dal12_GLOBAL__N_115XFactWriterImp_INS_9DayBasis_EE10SetDefaultERKS2_
FNDA:0,_ZN3Dal12_GLOBAL__N_115XFactWriterImp_INS_9Holidays_EE10SetDefaultERKS2_
FNDA:1,_ZN3Dal12_GLOBAL__N_115XFactWriterImp_IiE10SetDefaultERKi
FNDA:0,_ZN3Dal12_GLOBAL__N_115XFactWriterImp_INS_9DayBasis_EEclERKNS_4Ccy_ERKS2_
FNDA:2,_ZN3Dal12_GLOBAL__N_115XFactWriterImp_INS_9Holidays_EEclERKNS_4Ccy_ERKS2_
FNDA:2,_ZN3Dal12_GLOBAL__N_115XFactWriterImp_IiEclERKNS_4Ccy_ERKi
FNDA:0,_ZN3Dal12_GLOBAL__N_111OneFactImp_INS_9DayBasis_EEC2Ev
FNDA:1,_ZN3Dal12_GLOBAL__N_111OneFactImp_INS_9Holidays_EEC2Ev
FNDA:1,_ZN3Dal12_GLOBAL__N_111OneFactImp_IiEC2Ev
FNDA:0,_ZNK3Dal12_GLOBAL__N_111OneFactImp_INS_9DayBasis_EEclERKNS_4Ccy_E
FNDA:5,_ZNK3Dal12_GLOBAL__N_111OneFactImp_INS_9Holidays_EEclERKNS_4Ccy_E
FNDA:6,_ZNK3Dal12_GLOBAL__N_111OneFactImp_IiEclERKNS_4Ccy_E
FNDA:0,_ZNK3Dal12_GLOBAL__N_111OneFactImp_INS_9DayBasis_EE6XWriteEv
FNDA:2,_ZNK3Dal12_GLOBAL__N_111OneFactImp_INS_9Holidays_EE6XWriteEv
FNDA:3,_ZNK3Dal12_GLOBAL__N_111OneFactImp_IiE6XWriteEv
FNDA:0,_ZN3Dal3Ccy11Conventions15SwapPayHolidaysEv
FNDA:7,_ZN3Dal3Ccy11Conventions16LiborFixHolidaysEv
FNDA:9,_ZN3Dal3Ccy11Conventions12LiborFixDaysEv
FNDA:0,_ZN3Dal3Ccy11Conventions13LiborDayBasisEv
FNDA:0,_ZN3Dal3Ccy11Conventions17SwapFixedDayBasisEv
FNF:20
FNH:11
DA:23,2
DA:25,1
DA:26,6
DA:35,2
DA:37,11
DA:39,11
DA:40,10
DA:41,1
DA:44,5
DA:52,0
DA:53,7
DA:54,9
DA:55,0
DA:56,0
LF:14
LH:11
end_of_record
TN:
SF:/home/wegamekinglc/dev/github/my-claude/workspace/Derivatives-Algorithms-Lib/dal/currency/init.cpp
FN:16,24,_ZN3Dal9CcyFacts_4InitEv
FNDA:1,_ZN3Dal9CcyFacts_4InitEv
FNF:1
FNH:1
DA:16,1
DA:18,1
DA:19,1
DA:20,1
DA:21,3
DA:22,1
DA:24,1
LF:7
LH:7
end_of_record
TN:
SF:/home/wegamekinglc/dev/github/my-claude/workspace/Derivatives-Algorithms-Lib/dal/curve/calibration.cpp
FN:137,149,_ZN3Dal12_GLOBAL__N_126YieldCurveCalibrationFunc_C2ERKNS_7String_ENS_22CurveParameterization_ERKNS_7Vector_INS_7Handle_INS_13YCInstrument_EEEEERKNS6_INS_5Date_EEE
FN:151,159,_ZNK3Dal12_GLOBAL__N_126YieldCurveCalibrationFunc_1FERKNS_7Vector_IdEE
FN:162,170,_ZN3Dal12_GLOBAL__N_110ModelRatesERKNS_7Vector_INS_7Handle_INS_13YCInstrument_EEEEERKNS_11YieldCurve_E
FN:172,195,_ZN3Dal12_GLOBAL__N_116BuildDiagnosticsERKNS_7Vector_INS_7Handle_INS_13YCInstrument_EEEEERKNS_11YieldCurve_EbPKNS_7Matrix_IdEE
FN:198,210,_ZN3Dal28BuildCurveCalibrationWeightsERKNS_7Vector_INS_5Date_EEEid
FN:212,228,_ZN3Dal26BuildCurveCalibrationKnotsERKNS_5Date_ERKNS_7Vector_INS_7Handle_INS_13YCInstrument_EEEEERKNS3_IS0_EENS_16CurveKnotPolicy_E
FN:230,253,_ZN3Dal28ValidateCurveCalibrationSpecERKNS_21CurveCalibrationSpec_E
FN:255,262,_ZN3Dal31ValidatePositiveDiscountFactorsERKNS_14DiscountCurve_ERKNS_5Date_ERKNS_7Vector_IS3_EE
FN:264,300,_ZN3Dal19CalibrateYieldCurveERKNS_21CurveCalibrationSpec_E
FN:47,61,_ZN3Dal12_GLOBAL__N_116OrderInstrumentsERKNS_7Vector_INS_7Handle_INS_13YCInstrument_EEEEE
FN:51,59,_ZZN3Dal12_GLOBAL__N_116OrderInstrumentsERKNS_7Vector_INS_7Handle_INS_13YCInstrument_EEEEEENKUlRKS4_S9_E_clES9_S9_
FN:63,68,_ZN3Dal12_GLOBAL__N_117UniqueSortedDatesERKNS_7Vector_INS_5Date_EEE
FN:70,81,_ZN3Dal12_GLOBAL__N_115InstrumentDatesERKNS_5Date_ERKNS_7Vector_INS_7Handle_INS_13YCInstrument_EEEEE
FN:83,97,_ZN3Dal12_GLOBAL__N_113ParamsPerKnotENS_22CurveParameterization_E
FN:99,126,_ZN3Dal12_GLOBAL__N_118BuildDiscountCurveERKNS_7String_ES3_NS_22CurveParameterization_ERKNS_7Vector_INS_5Date_EEERKNS5_IdEE
FNDA:8,_ZN3Dal12_GLOBAL__N_126YieldCurveCalibrationFunc_C2ERKNS_7String_ENS_22CurveParameterization_ERKNS_7Vector_INS_7Handle_INS_13YCInstrument_EEEEERKNS6_INS_5Date_EEE
FNDA:709,_ZNK3Dal12_GLOBAL__N_126YieldCurveCalibrationFunc_1FERKNS_7Vector_IdEE
FNDA:8,_ZN3Dal12_GLOBAL__N_110ModelRatesERKNS_7Vector_INS_7Handle_INS_13YCInstrument_EEEEERKNS_11YieldCurve_E
FNDA:8,_ZN3Dal12_GLOBAL__N_116BuildDiagnosticsERKNS_7Vector_INS_7Handle_INS_13YCInstrument_EEEEERKNS_11YieldCurve_EbPKNS_7Matrix_IdEE
FNDA:8,_ZN3Dal28BuildCurveCalibrationWeightsERKNS_7Vector_INS_5Date_EEEid
FNDA:16,_ZN3Dal26BuildCurveCalibrationKnotsERKNS_5Date_ERKNS_7Vector_INS_7Handle_INS_13YCInstrument_EEEEERKNS3_IS0_EENS_16CurveKnotPolicy_E
FNDA:8,_ZN3Dal28ValidateCurveCalibrationSpecERKNS_21CurveCalibrationSpec_E
FNDA:8,_ZN3Dal31ValidatePositiveDiscountFactorsERKNS_14DiscountCurve_ERKNS_5Date_ERKNS_7Vector_IS3_EE
FNDA:8,_ZN3Dal19CalibrateYieldCurveERKNS_21CurveCalibrationSpec_E
FNDA:8,_ZN3Dal12_GLOBAL__N_116OrderInstrumentsERKNS_7Vector_INS_7Handle_INS_13YCInstrument_EEEEE
FNDA:56,_ZZN3Dal12_GLOBAL__N_116OrderInstrumentsERKNS_7Vector_INS_7Handle_INS_13YCInstrument_EEEEEENKUlRKS4_S9_E_clES9_S9_
FNDA:28,_ZN3Dal12_GLOBAL__N_117UniqueSortedDatesERKNS_7Vector_INS_5Date_EEE
FNDA:16,_ZN3Dal12_GLOBAL__N_115InstrumentDatesERKNS_5Date_ERKNS_7Vector_INS_7Handle_INS_13YCInstrument_EEEEE
FNDA:16,_ZN3Dal12_GLOBAL__N_113ParamsPerKnotENS_22CurveParameterization_E
FNDA:717,_ZN3Dal12_GLOBAL__N_118BuildDiscountCurveERKNS_7String_ES3_NS_22CurveParameterization_ERKNS_7Vector_INS_5Date_EEERKNS5_IdEE
FNF:15
FNH:15
DA:33,0
DA:40,0
DA:41,0
DA:47,8
DA:49,8
DA:51,56
DA:52,56
DA:53,56
DA:54,56
DA:55,56
DA:56,0
DA:57,0
DA:58,0
DA:60,8
DA:63,28
DA:65,28
DA:66,28
DA:67,28
DA:70,16
DA:72,16
DA:73,88
DA:74,72
DA:75,72
DA:76,4
DA:77,72
DA:78,72
DA:80,32
DA:83,16
DA:84,16
DA:87,2
DA:88,2
DA:89,0
DA:91,0
DA:93,0
DA:94,0
DA:99,717
DA:104,717
DA:105,446
DA:108,2391
DA:109,1945
DA:110,1945
DA:112,446
DA:115,542
DA:116,0
DA:118,0
DA:122,0
DA:123,0
DA:137,8
DA:141,8
DA:143,8
DA:144,8
DA:145,44
DA:146,72
DA:147,36
DA:149,8
DA:151,709
DA:152,1418
DA:153,709
DA:156,3634
DA:157,2925
DA:158,709
DA:159,709
DA:162,8
DA:165,44
DA:166,36
DA:167,36
DA:169,8
DA:172,8
DA:177,8
DA:178,8
DA:179,8
DA:180,8
DA:181,8
DA:183,44
DA:184,72
DA:185,36
DA:186,36
DA:187,36
DA:188,36
DA:189,36
DA:191,8
DA:192,8
DA:193,6
DA:194,8
DA:195,0
DA:198,8
DA:201,8
DA:202,8
DA:203,8
DA:205,8
DA:206,47
DA:207,113
DA:208,148
DA:209,8
DA:212,16
DA:216,16
DA:217,16
DA:218,12
DA:219,12
DA:222,0
DA:223,0
DA:224,0
DA:225,0
DA:230,8
DA:231,8
DA:232,8
DA:233,8
DA:234,8
DA:235,8
DA:236,8
DA:237,8
DA:239,8
DA:240,8
DA:241,8
DA:243,8
DA:244,44
DA:245,36
DA:246,36
DA:247,36
DA:248,36
DA:249,36
DA:251,8
DA:252,8
DA:253,8
DA:255,8
DA:256,47
DA:257,39
DA:258,39
DA:259,39
DA:260,39
DA:262,8
DA:264,8
DA:265,8
DA:267,8
DA:268,8
DA:269,8
DA:270,8
DA:272,8
DA:273,8
DA:274,8
DA:277,16
DA:278,16
DA:279,8
DA:281,8
DA:284,8
DA:285,6
DA:286,12
DA:288,4
DA:292,16
DA:293,8
DA:294,8
DA:295,18
DA:298,8
DA:299,8
DA:300,16
LF:155
LH:136
end_of_record
TN:
SF:/home/wegamekinglc/dev/github/my-claude/workspace/Derivatives-Algorithms-Lib/dal/curve/calibration.hpp
FNF:0
FNH:0
DA:54,8
DA:70,16
LF:2
LH:2
end_of_record
TN:
SF:/home/wegamekinglc/dev/github/my-claude/workspace/Derivatives-Algorithms-Lib/dal/curve/curveblock.cpp
FN:14,17,_ZN3Dal12_GLOBAL__N_112CheckedCurveERKNS_7Handle_INS_14DiscountCurve_EEE
FN:20,21,_ZN3Dal11CurveBlock_C2ERKNS_14DiscountCurve_E
FN:23,28,_ZN3Dal11CurveBlock_C2ERKNS_7Handle_INS_14DiscountCurve_EEERKNS_9DayBasis_E
FN:30,31,_ZN3Dal11CurveBlock_C2ERKNS_14DiscountCurve_ERKNS_9DayBasis_E
FN:33,48,_ZN3Dal11CurveBlock_C2ERKNS_7String_ES3_RKSt3mapINS_15CollateralType_ENS_7Handle_INS_14DiscountCurve_EEESt4lessIS5_ESaISt4pairIKS5_S8_EEERKS4_INS_13PeriodLength_ES8_S9_ISI_ESaISB_IKSI_S8_EEERKNS_9DayBasis_E
FN:50,59,_ZNK3Dal11CurveBlock_8DiscountERKNS_15CollateralType_E
FN:61,71,_ZNK3Dal11CurveBlock_8FwdLiborERKNS_13PeriodLength_ERKNS_5Date_E
FN:73,75,_ZNK3Dal11CurveBlock_5WriteERNS_7Archive6Store_E
FN:77,100,_ZN3Dal19CalibrateYieldCurveERKNS_5Date_ERKNS_7String_ERKNS_7Vector_INS_7Handle_INS_13YCInstrument_EEEEERKNS6_IS0_EEddiiPNS_7Matrix_IdEE
FNDA:4,_ZN3Dal12_GLOBAL__N_112CheckedCurveERKNS_7Handle_INS_14DiscountCurve_EEE
FNDA:721,_ZN3Dal11CurveBlock_C2ERKNS_14DiscountCurve_E
FNDA:2,_ZN3Dal11CurveBlock_C2ERKNS_7Handle_INS_14DiscountCurve_EEERKNS_9DayBasis_E
FNDA:0,_ZN3Dal11CurveBlock_C2ERKNS_14DiscountCurve_ERKNS_9DayBasis_E
FNDA:3,_ZN3Dal11CurveBlock_C2ERKNS_7String_ES3_RKSt3mapINS_15CollateralType_ENS_7Handle_INS_14DiscountCurve_EEESt4lessIS5_ESaISt4pairIKS5_S8_EEERKS4_INS_13PeriodLength_ES8_S9_ISI_ESaISB_IKSI_S8_EEERKNS_9DayBasis_E
FNDA:2983,_ZNK3Dal11CurveBlock_8DiscountERKNS_15CollateralType_E
FNDA:2,_ZNK3Dal11CurveBlock_8FwdLiborERKNS_13PeriodLength_ERKNS_5Date_E
FNDA:0,_ZNK3Dal11CurveBlock_5WriteERNS_7Archive6Store_E
FNDA:4,_ZN3Dal19CalibrateYieldCurveERKNS_5Date_ERKNS_7String_ERKNS_7Vector_INS_7Handle_INS_13YCInstrument_EEEEERKNS6_IS0_EEddiiPNS_7Matrix_IdEE
FNF:9
FNH:7
DA:14,4
DA:15,4
DA:16,4
DA:20,721
DA:21,2884
DA:23,2
DA:24,2
DA:25,2
DA:28,10
DA:30,0
DA:31,0
DA:33,3
DA:37,3
DA:38,3
DA:39,3
DA:40,6
DA:41,3
DA:42,3
DA:44,4
DA:45,1
DA:46,1
DA:48,3
DA:50,2983
DA:51,2983
DA:54,2
DA:55,1
DA:57,1
DA:58,1
DA:61,2
DA:64,2
DA:66,2
DA:67,2
DA:68,2
DA:69,2
DA:70,2
DA:73,0
DA:74,0
DA:77,4
DA:87,4
DA:91,4
DA:92,4
DA:93,4
DA:94,4
DA:96,4
DA:97,4
DA:98,0
DA:99,4
DA:100,4
LF:48
LH:43
end_of_record
TN:
SF:/home/wegamekinglc/dev/github/my-claude/workspace/Derivatives-Algorithms-Lib/dal/curve/discount.cpp
FN:10,10,_ZN3Dal14DiscountCurve_C2ERKNS_7String_ES3_
FNDA:722,_ZN3Dal14DiscountCurve_C2ERKNS_7String_ES3_
FNF:1
FNH:1
DA:10,722
LF:1
LH:1
end_of_record
TN:
SF:/home/wegamekinglc/dev/github/my-claude/workspace/Derivatives-Algorithms-Lib/dal/curve/fittable.hpp
FNF:0
FNH:0
DA:13,0
LF:1
LH:0
end_of_record
TN:
SF:/home/wegamekinglc/dev/github/my-claude/workspace/Derivatives-Algorithms-Lib/dal/curve/piecewiseconstant.cpp
FN:31,33,_ZNK3Dal18PiecewiseConstant_5WriteERNS_7Archive6Store_E
FN:35,42,_ZNK3Dal18PiecewiseConstant_5SofarEv
FN:44,53,_ZNK3Dal18PiecewiseConstant_10IntegralToERKNS_5Date_E
FN:55,67,_ZN3Dal3PWC1FERKNS_18PiecewiseConstant_ERKNS_5Date_EPb
FNDA:0,_ZNK3Dal18PiecewiseConstant_5WriteERNS_7Archive6Store_E
FNDA:274,_ZNK3Dal18PiecewiseConstant_5SofarEv
FNDA:4,_ZNK3Dal18PiecewiseConstant_10IntegralToERKNS_5Date_E
FNDA:1,_ZN3Dal3PWC1FERKNS_18PiecewiseConstant_ERKNS_5Date_EPb
FNF:4
FNH:3
DA:31,0
DA:32,0
DA:33,0
DA:35,274
DA:36,274
DA:37,1092
DA:38,818
DA:39,818
DA:41,274
DA:44,4
DA:46,4
DA:47,1
DA:48,3
DA:49,0
DA:50,3
DA:51,3
DA:52,3
DA:55,1
DA:61,1
DA:62,0
DA:63,0
DA:65,1
DA:66,1
LF:23
LH:17
end_of_record
TN:
SF:/home/wegamekinglc/dev/github/my-claude/workspace/Derivatives-Algorithms-Lib/dal/curve/piecewiseconstant.hpp
FN:21,21,_ZN3Dal18PiecewiseConstant_6UpdateEv
FN:23,26,_ZN3Dal18PiecewiseConstant_C2ERKNS_7Vector_INS_5Date_EEERKNS1_IdEERKNS_7String_E
FNDA:274,_ZN3Dal18PiecewiseConstant_6UpdateEv
FNDA:274,_ZN3Dal18PiecewiseConstant_C2ERKNS_7Vector_INS_5Date_EEERKNS1_IdEERKNS_7String_E
FNF:2
FNH:2
DA:21,274
DA:23,274
DA:24,274
DA:25,274
DA:26,274
DA:42,1
LF:6
LH:6
end_of_record
TN:
SF:/home/wegamekinglc/dev/github/my-claude/workspace/Derivatives-Algorithms-Lib/dal/curve/piecewiselinear.cpp
FN:13,21,_ZNK3Dal16PiecewiseLinear_5SofarEv
FN:23,37,_ZNK3Dal16PiecewiseLinear_10IntegralToERKNS_5Date_E
FN:39,51,_ZNK3Dal16PiecewiseLinear_7ValueAtERKNS_5Date_Eb
FNDA:455,_ZNK3Dal16PiecewiseLinear_5SofarEv
FNDA:10268,_ZNK3Dal16PiecewiseLinear_10IntegralToERKNS_5Date_E
FNDA:7,_ZNK3Dal16PiecewiseLinear_7ValueAtERKNS_5Date_Eb
FNF:3
FNH:3
DA:13,455
DA:14,455
DA:15,1977
DA:16,1522
DA:17,1522
DA:18,1522
DA:20,455
DA:23,10268
DA:25,10268
DA:26,5593
DA:27,4675
DA:28,1
DA:29,4674
DA:30,4145
DA:31,529
DA:32,529
DA:33,529
DA:34,529
DA:35,529
DA:36,529
DA:39,7
DA:41,7
DA:42,7
DA:43,2
DA:44,5
DA:45,1
DA:46,4
DA:47,4
DA:48,4
DA:49,4
DA:50,4
LF:31
LH:31
end_of_record
TN:
SF:/home/wegamekinglc/dev/github/my-claude/workspace/Derivatives-Algorithms-Lib/dal/curve/piecewiselinear.hpp
FN:21,21,_ZN3Dal16PiecewiseLinear_6UpdateEv
FN:23,24,_ZN3Dal16PiecewiseLinear_C2ERKNS_7Vector_INS_5Date_EEERKNS1_IdEES8_
FNDA:455,_ZN3Dal16PiecewiseLinear_6UpdateEv
FNDA:454,_ZN3Dal16PiecewiseLinear_C2ERKNS_7Vector_INS_5Date_EEERKNS1_IdEES8_
FNF:2
FNH:2
DA:21,455
DA:23,454
DA:24,454
LF:3
LH:3
end_of_record
TN:
SF:/home/wegamekinglc/dev/github/my-claude/workspace/Derivatives-Algorithms-Lib/dal/curve/yc.cpp
FN:10,11,_ZN3Dal11YieldCurve_C2ERKNS_7String_ES3_
FNDA:724,_ZN3Dal11YieldCurve_C2ERKNS_7String_ES3_
FNF:1
FNH:1
DA:10,724
DA:11,724
LF:2
LH:2
end_of_record
TN:
SF:/home/wegamekinglc/dev/github/my-claude/workspace/Derivatives-Algorithms-Lib/dal/curve/yc.hpp
FNF:0
FNH:0
DA:15,0
LF:1
LH:0
end_of_record
TN:
SF:/home/wegamekinglc/dev/github/my-claude/workspace/Derivatives-Algorithms-Lib/dal/curve/yccomponent.hpp
FN:31,34,_ZNK3Dal14CurveWithBase_INS_14DiscountCurve_ES1_E7NewBaseERKSt3mapIPKNS_12YCComponent_ENS_7Handle_IS4_EESt4lessIS6_ESaISt4pairIKS6_S8_EEE
FN:37,41,_ZNK3Dal14CurveWithBase_INS_14DiscountCurve_ES1_E4PollEPNS_7Vector_IPKNS_12YCComponent_EEE
FN:43,48,_ZNK3Dal14CurveWithBase_INS_14DiscountCurve_ES1_E4PollEPSt3mapIPKNS_12YCComponent_ENS_7Handle_IS4_EESt4lessIS6_ESaISt4pairIKS6_S8_EEE
FNDA:0,_ZNK3Dal14CurveWithBase_INS_14DiscountCurve_ES1_E7NewBaseERKSt3mapIPKNS_12YCComponent_ENS_7Handle_IS4_EESt4lessIS6_ESaISt4pairIKS6_S8_EEE
FNDA:0,_ZNK3Dal14CurveWithBase_INS_14DiscountCurve_ES1_E4PollEPNS_7Vector_IPKNS_12YCComponent_EEE
FNDA:0,_ZNK3Dal14CurveWithBase_INS_14DiscountCurve_ES1_E4PollEPSt3mapIPKNS_12YCComponent_ENS_7Handle_IS4_EESt4lessIS6_ESaISt4pairIKS6_S8_EEE
FNF:3
FNH:0
DA:12,0
DA:14,722
DA:29,722
DA:31,0
DA:33,0
DA:37,0
DA:38,0
DA:39,0
DA:40,0
DA:41,0
DA:43,0
DA:44,0
DA:45,0
DA:46,0
DA:48,0
LF:15
LH:2
end_of_record
TN:
SF:/home/wegamekinglc/dev/github/my-claude/workspace/Derivatives-Algorithms-Lib/dal/curve/ycconst.cpp
FN:23,23,_ZNK3Dal12_GLOBAL__N_112DiscountPWC_4FwdsEv
FN:25,34,_ZNK3Dal12_GLOBAL__N_112DiscountPWC_10IntegralToERKNS_5Date_E
FN:37,41,_ZN3Dal12_GLOBAL__N_112DiscountPWC_C2ERKNS_7String_ES4_RKNS_18PiecewiseConstant_ERKNS_7Handle_INS_14DiscountCurve_EEE
FN:43,46,_ZNK3Dal12_GLOBAL__N_112DiscountPWC_clERKNS_5Date_ES4_
FN:48,48,_ZNK3Dal12_GLOBAL__N_112DiscountPWC_2NXEv
FN:50,55,_ZN3Dal12_GLOBAL__N_112DiscountPWC_7ApplyDXEN9__gnu_cxx17__normal_iteratorIPKdSt6vectorIdSaIdEEEEd
FN:57,59,_ZNK3Dal12_GLOBAL__N_112DiscountPWC_5WriteERNS_7Archive6Store_E
FN:61,64,_ZNK3Dal12_GLOBAL__N_112DiscountPWC_5CloneERKNS_7String_ERKSt3mapIPKNS_12YCComponent_ENS_7Handle_IS6_EESt4lessIS8_ESaISt4pairIKS8_SA_EEE
FN:68,73,_ZN3Dal14NewDiscountPWCERKNS_7String_ES2_RKNS_18PiecewiseConstant_ERKNS_7Handle_INS_14DiscountCurve_EEE
FNDA:0,_ZNK3Dal12_GLOBAL__N_112DiscountPWC_4FwdsEv
FNDA:5428,_ZNK3Dal12_GLOBAL__N_112DiscountPWC_10IntegralToERKNS_5Date_E
FNDA:271,_ZN3Dal12_GLOBAL__N_112DiscountPWC_C2ERKNS_7String_ES4_RKNS_18PiecewiseConstant_ERKNS_7Handle_INS_14DiscountCurve_EEE
FNDA:2714,_ZNK3Dal12_GLOBAL__N_112DiscountPWC_clERKNS_5Date_ES4_
FNDA:0,_ZNK3Dal12_GLOBAL__N_112DiscountPWC_2NXEv
FNDA:0,_ZN3Dal12_GLOBAL__N_112DiscountPWC_7ApplyDXEN9__gnu_cxx17__normal_iteratorIPKdSt6vectorIdSaIdEEEEd
FNDA:0,_ZNK3Dal12_GLOBAL__N_112DiscountPWC_5WriteERNS_7Archive6Store_E
FNDA:0,_ZNK3Dal12_GLOBAL__N_112DiscountPWC_5CloneERKNS_7String_ERKSt3mapIPKNS_12YCComponent_ENS_7Handle_IS6_EESt4lessIS8_ESaISt4pairIKS8_SA_EEE
FNDA:271,_ZN3Dal14NewDiscountPWCERKNS_7String_ES2_RKNS_18PiecewiseConstant_ERKNS_7Handle_INS_14DiscountCurve_EEE
FNF:9
FNH:4
DA:23,0
DA:25,5428
DA:27,5428
DA:28,2986
DA:29,2442
DA:30,2171
DA:31,271
DA:32,271
DA:33,271
DA:37,271
DA:41,813
DA:43,2714
DA:44,2714
DA:45,2714
DA:48,0
DA:50,0
DA:51,0
DA:52,0
DA:53,0
DA:55,0
DA:57,0
DA:58,0
DA:61,0
DA:63,0
DA:68,271
DA:72,271
LF:26
LH:15
end_of_record
TN:
SF:/home/wegamekinglc/dev/github/my-claude/workspace/Derivatives-Algorithms-Lib/dal/curve/ycimp.cpp
FN:47,54,_ZN3Dal12ApplyDX_PWLFEPNS_16PiecewiseLinear_EN9__gnu_cxx17__normal_iteratorIPKdSt6vectorIdSaIdEEEEd
FN:59,61,_ZN3Dal13DiscountPWLF_C2ERKNS_7String_ES3_RKNS_16PiecewiseLinear_ERKNS_7Handle_INS_14DiscountCurve_EEE
FN:63,66,_ZNK3Dal13DiscountPWLF_clERKNS_5Date_ES3_
FN:68,70,_ZNK3Dal13DiscountPWLF_2NXEv
FN:72,74,_ZN3Dal13DiscountPWLF_7ApplyDXEN9__gnu_cxx17__normal_iteratorIPKdSt6vectorIdSaIdEEEEd
FN:76,78,_ZNK3Dal13DiscountPWLF_5WriteERNS_7Archive6Store_E
FN:80,82,_ZNK3Dal13DiscountPWLF_5CloneERKNS_7String_ERKSt3mapIPKNS_12YCComponent_ENS_7Handle_IS5_EESt4lessIS7_ESaISt4pairIKS7_S9_EEE
FN:85,90,_ZN3Dal15NewDiscountPWLFERKNS_7String_ES2_RKNS_16PiecewiseLinear_ERKNS_7Handle_INS_14DiscountCurve_EEE
FN:93,95,_ZNK3Dal15DiscountPWLF_v17Reader_5BuildEv
FNDA:0,_ZN3Dal12ApplyDX_PWLFEPNS_16PiecewiseLinear_EN9__gnu_cxx17__normal_iteratorIPKdSt6vectorIdSaIdEEEEd
FNDA:451,_ZN3Dal13DiscountPWLF_C2ERKNS_7String_ES3_RKNS_16PiecewiseLinear_ERKNS_7Handle_INS_14DiscountCurve_EEE
FNDA:5130,_ZNK3Dal13DiscountPWLF_clERKNS_5Date_ES3_
FNDA:0,_ZNK3Dal13DiscountPWLF_2NXEv
FNDA:0,_ZN3Dal13DiscountPWLF_7ApplyDXEN9__gnu_cxx17__normal_iteratorIPKdSt6vectorIdSaIdEEEEd
FNDA:0,_ZNK3Dal13DiscountPWLF_5WriteERNS_7Archive6Store_E
FNDA:0,_ZNK3Dal13DiscountPWLF_5CloneERKNS_7String_ERKSt3mapIPKNS_12YCComponent_ENS_7Handle_IS5_EESt4lessIS7_ESaISt4pairIKS7_S9_EEE
FNDA:451,_ZN3Dal15NewDiscountPWLFERKNS_7String_ES2_RKNS_16PiecewiseLinear_ERKNS_7Handle_INS_14DiscountCurve_EEE
FNDA:0,_ZNK3Dal15DiscountPWLF_v17Reader_5BuildEv
FNF:9
FNH:3
DA:47,0
DA:49,0
DA:50,0
DA:51,0
DA:53,0
DA:54,0
DA:59,451
DA:61,902
DA:63,5130
DA:64,5130
DA:65,5130
DA:68,0
DA:69,0
DA:72,0
DA:73,0
DA:74,0
DA:76,0
DA:77,0
DA:78,0
DA:80,0
DA:81,0
DA:85,451
DA:89,451
DA:93,0
DA:94,0
LF:25
LH:7
end_of_record
TN:
SF:/home/wegamekinglc/dev/github/my-claude/workspace/Derivatives-Algorithms-Lib/dal/curve/ycinstrument.cpp
FN:105,110,_ZN3Dal5STIR_C2ERKNS_5Date_ES3_S3_dRKNS_9DayBasis_E
FN:112,112,_ZN3Dal5STIR_D0Ev
FN:112,112,_ZN3Dal5STIR_D2Ev
FN:114,114,_ZNK3Dal5STIR_4NameEv
FN:116,116,_ZNK3Dal5STIR_8TimeSpanEv
FN:118,121,_ZNK3Dal5STIR_10PrecomputeERKNS_7Handle_INS_13YCInstrument_EEERKNS1_INS_11YieldCurve_EEE
FN:23,27,_ZNK3Dal12_GLOBAL__N_112DepositRate_clERKNS_11YieldCurve_E
FN:39,51,_ZNK3Dal12_GLOBAL__N_19SwapRate_clERKNS_11YieldCurve_E
FN:63,67,_ZNK3Dal12_GLOBAL__N_19STIRRate_clERKNS_11YieldCurve_E
FN:73,74,_ZN3Dal8Deposit_C2ERKNS_5Date_ES3_dRKNS_9DayBasis_E
FN:76,76,_ZN3Dal8Deposit_D0Ev
FN:76,76,_ZN3Dal8Deposit_D2Ev
FN:78,78,_ZNK3Dal8Deposit_4NameEv
FN:80,80,_ZNK3Dal8Deposit_8TimeSpanEv
FN:82,85,_ZNK3Dal8Deposit_10PrecomputeERKNS_7Handle_INS_13YCInstrument_EEERKNS1_INS_11YieldCurve_EEE
FN:89,90,_ZN3Dal5Swap_C2ERKNS_5Date_ES3_diRKNS_9DayBasis_E
FN:92,92,_ZN3Dal5Swap_D0Ev
FN:92,92,_ZN3Dal5Swap_D2Ev
FN:94,94,_ZNK3Dal5Swap_4NameEv
FN:96,96,_ZNK3Dal5Swap_8TimeSpanEv
FN:98,101,_ZNK3Dal5Swap_10PrecomputeERKNS_7Handle_INS_13YCInstrument_EEERKNS1_INS_11YieldCurve_EEE
FNDA:2,_ZN3Dal5STIR_C2ERKNS_5Date_ES3_S3_dRKNS_9DayBasis_E
FNDA:2,_ZN3Dal5STIR_D0Ev
FNDA:2,_ZN3Dal5STIR_D2Ev
FNDA:2,_ZNK3Dal5STIR_4NameEv
FNDA:12,_ZNK3Dal5STIR_8TimeSpanEv
FNDA:6,_ZNK3Dal5STIR_10PrecomputeERKNS_7Handle_INS_13YCInstrument_EEERKNS1_INS_11YieldCurve_EEE
FNDA:1449,_ZNK3Dal12_GLOBAL__N_112DepositRate_clERKNS_11YieldCurve_E
FNDA:1494,_ZNK3Dal12_GLOBAL__N_19SwapRate_clERKNS_11YieldCurve_E
FNDA:38,_ZNK3Dal12_GLOBAL__N_19STIRRate_clERKNS_11YieldCurve_E
FNDA:16,_ZN3Dal8Deposit_C2ERKNS_5Date_ES3_dRKNS_9DayBasis_E
FNDA:16,_ZN3Dal8Deposit_D0Ev
FNDA:16,_ZN3Dal8Deposit_D2Ev
FNDA:16,_ZNK3Dal8Deposit_4NameEv
FNDA:108,_ZNK3Dal8Deposit_8TimeSpanEv
FNDA:40,_ZNK3Dal8Deposit_10PrecomputeERKNS_7Handle_INS_13YCInstrument_EEERKNS1_INS_11YieldCurve_EEE
FNDA:18,_ZN3Dal5Swap_C2ERKNS_5Date_ES3_diRKNS_9DayBasis_E
FNDA:18,_ZN3Dal5Swap_D0Ev
FNDA:18,_ZN3Dal5Swap_D2Ev
FNDA:18,_ZNK3Dal5Swap_4NameEv
FNDA:100,_ZNK3Dal5Swap_8TimeSpanEv
FNDA:46,_ZNK3Dal5Swap_10PrecomputeERKNS_7Handle_INS_13YCInstrument_EEERKNS1_INS_11YieldCurve_EEE
FNF:21
FNH:21
DA:21,40
DA:23,1449
DA:24,1449
DA:25,1449
DA:26,1449
DA:37,46
DA:39,1494
DA:40,1494
DA:42,1494
DA:43,6274
DA:44,4780
DA:45,4780
DA:46,0
DA:47,4780
DA:48,4780
DA:50,1494
DA:61,6
DA:63,38
DA:64,38
DA:65,38
DA:66,38
DA:73,16
DA:74,16
DA:76,32
DA:78,16
DA:80,108
DA:82,40
DA:84,40
DA:89,18
DA:90,18
DA:92,36
DA:94,18
DA:96,100
DA:98,46
DA:100,46
DA:105,2
DA:109,2
DA:110,2
DA:112,4
DA:114,2
DA:116,12
DA:118,6
DA:120,6
LF:43
LH:42
end_of_record
TN:
SF:/home/wegamekinglc/dev/github/my-claude/workspace/Derivatives-Algorithms-Lib/dal/curve/ycinstrument.hpp
FN:42,42,_ZNK3Dal8Deposit_10MarketRateEv
FN:58,58,_ZNK3Dal5Swap_10MarketRateEv
FN:78,78,_ZNK3Dal5STIR_10MarketRateEv
FNDA:72,_ZNK3Dal8Deposit_10MarketRateEv
FNDA:82,_ZNK3Dal5Swap_10MarketRateEv
FNDA:10,_ZNK3Dal5STIR_10MarketRateEv
FNF:3
FNH:3
DA:42,72
DA:58,82
DA:78,10
LF:3
LH:3
end_of_record
TN:
SF:/home/wegamekinglc/dev/github/my-claude/workspace/Derivatives-Algorithms-Lib/dal/indice/fixings.cpp
FN:19,21,_ZNK3Dal12_GLOBAL__N_17Fixings7Reader_5BuildEv
FN:23,26,_ZN3Dal10FixHistory5EmptyEv
FN:28,37,_ZNK3Dal11FixHistory_4FindERKNS_9DateTime_Eb
FN:39,41,_ZNK3Dal8Fixings_5WriteERNS_7Archive6Store_E
FNDA:0,_ZNK3Dal12_GLOBAL__N_17Fixings7Reader_5BuildEv
FNDA:0,_ZN3Dal10FixHistory5EmptyEv
FNDA:0,_ZNK3Dal11FixHistory_4FindERKNS_9DateTime_Eb
FNDA:0,_ZNK3Dal8Fixings_5WriteERNS_7Archive6Store_E
FNF:4
FNH:0
DA:19,0
DA:20,0
DA:23,0
DA:24,0
DA:25,0
DA:28,0
DA:29,0
DA:31,0
DA:32,0
DA:33,0
DA:36,0
DA:39,0
DA:40,0
DA:41,0
LF:14
LH:0
end_of_record
TN:
SF:/home/wegamekinglc/dev/github/my-claude/workspace/Derivatives-Algorithms-Lib/dal/indice/fixings.hpp
FN:45,46,_ZN3Dal8Fixings_C2ERKNS_7String_ERKSt3mapINS_9DateTime_EdSt4lessIS5_ESaISt4pairIKS5_dEEE
FNDA:1,_ZN3Dal8Fixings_C2ERKNS_7String_ERKSt3mapINS_9DateTime_EdSt4lessIS5_ESaISt4pairIKS5_dEEE
FNF:1
FNH:1
DA:33,0
DA:45,1
DA:46,1
LF:3
LH:2
end_of_record
TN:
SF:/home/wegamekinglc/dev/github/my-claude/workspace/Derivatives-Algorithms-Lib/dal/indice/index.cpp
FN:11,25,_ZN3Dal5Index10PastFixingEPKNS_12Environment_ERKNS_7String_ERKNS_9DateTime_Eb
FN:27,29,_ZNK3Dal6Index_6FixingEPKNS_12Environment_ERKNS_9DateTime_E
FNDA:3,_ZN3Dal5Index10PastFixingEPKNS_12Environment_ERKNS_7String_ERKNS_9DateTime_Eb
FNDA:0,_ZNK3Dal6Index_6FixingEPKNS_12Environment_ERKNS_9DateTime_E
FNF:2
FNH:1
DA:11,3
DA:12,3
DA:14,3
DA:15,3
DA:16,4
DA:18,2
DA:20,2
DA:21,1
DA:24,1
DA:27,0
DA:28,0
LF:11
LH:9
end_of_record
TN:
SF:/home/wegamekinglc/dev/github/my-claude/workspace/Derivatives-Algorithms-Lib/dal/indice/index.hpp
FN:13,18,_ZNK3Dal14FixingsAccess_5FetchERKNS_7String_E
FN:35,35,_ZN3Dal9IndexKey_C2ERKNS_7Handle_INS_6Index_EEE
FNDA:3,_ZNK3Dal14FixingsAccess_5FetchERKNS_7String_E
FNDA:1,_ZN3Dal9IndexKey_C2ERKNS_7Handle_INS_6Index_EEE
FNF:2
FNH:2
DA:11,3
DA:13,3
DA:15,3
DA:35,1
DA:39,0
LF:5
LH:4
end_of_record
TN:
SF:/home/wegamekinglc/dev/github/my-claude/workspace/Derivatives-Algorithms-Lib/dal/indice/index/equity.cpp
FN:11,18,_ZNK3Dal5Index7Equity_4NameEv
FN:20,28,_ZN3Dal5Index7Equity_C2ERKNS_7String_EPKNS_5Date_EPS3_
FN:30,40,_ZNK3Dal5Index7Equity_8DeliveryERKNS_9DateTime_E
FNDA:6,_ZNK3Dal5Index7Equity_4NameEv
FNDA:8,_ZN3Dal5Index7Equity_C2ERKNS_7String_EPKNS_5Date_EPS3_
FNDA:2,_ZNK3Dal5Index7Equity_8DeliveryERKNS_9DateTime_E
FNF:3
FNH:3
DA:11,6
DA:12,12
DA:14,4
DA:16,4
DA:17,6
DA:20,8
DA:21,8
DA:22,8
DA:23,3
DA:24,5
DA:25,3
DA:27,2
DA:28,8
DA:30,2
DA:33,2
DA:34,1
DA:36,1
DA:38,0
DA:39,2
LF:19
LH:18
end_of_record
TN:
SF:/home/wegamekinglc/dev/github/my-claude/workspace/Derivatives-Algorithms-Lib/dal/indice/index/fx.cpp
FN:10,13,_ZNK3Dal5Index3Fx_6FixingEPKNS_12Environment_ERKNS_9DateTime_E
FN:15,18,_ZNK3Dal5Index3Fx_5XNameEb
FNDA:2,_ZNK3Dal5Index3Fx_6FixingEPKNS_12Environment_ERKNS_9DateTime_E
FNDA:4,_ZNK3Dal5Index3Fx_5XNameEb
FNF:2
FNH:2
DA:10,2
DA:11,2
DA:12,2
DA:15,4
DA:16,5
DA:17,16
LF:6
LH:6
end_of_record
TN:
SF:/home/wegamekinglc/dev/github/my-claude/workspace/Derivatives-Algorithms-Lib/dal/indice/index/fx.hpp
FN:17,17,_ZNK3Dal5Index3Fx_4NameEv
FNDA:1,_ZNK3Dal5Index3Fx_4NameEv
FNF:1
FNH:1
DA:16,2
DA:17,1
LF:2
LH:2
end_of_record
TN:
SF:/home/wegamekinglc/dev/github/my-claude/workspace/Derivatives-Algorithms-Lib/dal/indice/index/ir.cpp
FN:14,27,_ZN3Dal12_GLOBAL__N_112DateFromCellERKNS_5Cell_ERKNS_5Date_E
FN:29,39,_ZN3Dal12_GLOBAL__N_110MatPostfixERKNS_5Cell_E
FN:41,46,_ZN3Dal12_GLOBAL__N_112StartPostfixERKNS_5Cell_E
FN:50,55,_ZNK3Dal5Index10IRForward_9StartDateERKNS_9DateTime_E
FN:57,59,_ZNK3Dal5Index6Libor_4NameEv
FN:61,64,_ZNK3Dal5Index5Swap_4NameEv
FN:66,68,_ZNK3Dal5Index3DF_4NameEv
FN:70,72,_ZNK3Dal5Index3DF_9StartDateERKNS_9DateTime_E
FN:74,76,_ZNK3Dal5Index3DF_8MaturityERKNS_9DateTime_E
FNDA:0,_ZN3Dal12_GLOBAL__N_112DateFromCellERKNS_5Cell_ERKNS_5Date_E
FNDA:1,_ZN3Dal12_GLOBAL__N_110MatPostfixERKNS_5Cell_E
FNDA:2,_ZN3Dal12_GLOBAL__N_112StartPostfixERKNS_5Cell_E
FNDA:0,_ZNK3Dal5Index10IRForward_9StartDateERKNS_9DateTime_E
FNDA:2,_ZNK3Dal5Index6Libor_4NameEv
FNDA:0,_ZNK3Dal5Index5Swap_4NameEv
FNDA:0,_ZNK3Dal5Index3DF_4NameEv
FNDA:0,_ZNK3Dal5Index3DF_9StartDateERKNS_9DateTime_E
FNDA:0,_ZNK3Dal5Index3DF_8MaturityERKNS_9DateTime_E
FNF:9
FNH:3
DA:14,0
DA:15,0
DA:16,0
DA:17,0
DA:18,0
DA:20,0
DA:22,0
DA:24,0
DA:26,0
DA:29,1
DA:32,0
DA:34,1
DA:36,0
DA:38,0
DA:41,2
DA:42,0
DA:43,1
DA:45,2
DA:50,0
DA:51,0
DA:53,0
DA:54,0
DA:57,2
DA:58,8
DA:61,0
DA:63,0
DA:66,0
DA:67,0
DA:70,0
DA:71,0
DA:74,0
DA:75,0
LF:32
LH:7
end_of_record
TN:
SF:/home/wegamekinglc/dev/github/my-claude/workspace/Derivatives-Algorithms-Lib/dal/indice/index/ir.hpp
FNF:0
FNH:0
DA:16,2
DA:21,2
DA:25,1
DA:29,2
LF:4
LH:4
end_of_record
TN:
SF:/home/wegamekinglc/dev/github/my-claude/workspace/Derivatives-Algorithms-Lib/dal/indice/indexparse.cpp
FN:19,19,_ZN3Dal12_GLOBAL__N_115TheIndexParsersEv
FN:21,29,_ZN3Dal12_GLOBAL__N_111ParseSingleERKNS_7String_E
FN:35,39,_ZN3Dal5Index5ParseERKNS_7String_E
FN:44,47,_ZN3Dal5Index14RegisterParserERKNS_7String_EPFPNS_6Index_ES3_E
FN:49,49,_ZN3Dal5Index5CloneERKNS_6Index_E
FNDA:1,_ZN3Dal12_GLOBAL__N_115TheIndexParsersEv
FNDA:0,_ZN3Dal12_GLOBAL__N_111ParseSingleERKNS_7String_E
FNDA:0,_ZN3Dal5Index5ParseERKNS_7String_E
FNDA:1,_ZN3Dal5Index14RegisterParserERKNS_7String_EPFPNS_6Index_ES3_E
FNDA:0,_ZN3Dal5Index5CloneERKNS_6Index_E
FNF:5
FNH:2
DA:19,1
DA:21,0
DA:22,0
DA:23,0
DA:25,0
DA:26,0
DA:27,0
DA:28,0
DA:35,0
DA:38,0
DA:44,1
DA:46,3
DA:47,1
DA:49,0
LF:14
LH:4
end_of_record
TN:
SF:/home/wegamekinglc/dev/github/my-claude/workspace/Derivatives-Algorithms-Lib/dal/indice/indexpath.cpp
FN:12,24,_ZNK3Dal10IndexPath_8ExtremumEbRKNS_9DateTime_ES3_dRKSt4pairIddE
FN:26,30,_ZNK3Dal20IndexPathHistorical_11ExpectationERKNS_9DateTime_ERKSt4pairIddE
FN:32,48,_ZNK3Dal20IndexPathHistorical_14FixInRangeProbERKNS_9DateTime_ERKSt4pairIddEd
FN:50,65,_ZNK3Dal20IndexPathHistorical_14AllInRangeProbERKNS_9DateTime_ES3_RKSt4pairIddEdd
FNDA:0,_ZNK3Dal10IndexPath_8ExtremumEbRKNS_9DateTime_ES3_dRKSt4pairIddE
FNDA:0,_ZNK3Dal20IndexPathHistorical_11ExpectationERKNS_9DateTime_ERKSt4pairIddE
FNDA:6,_ZNK3Dal20IndexPathHistorical_14FixInRangeProbERKNS_9DateTime_ERKSt4pairIddEd
FNDA:0,_ZNK3Dal20IndexPathHistorical_14AllInRangeProbERKNS_9DateTime_ES3_RKSt4pairIddEdd
FNF:4
FNH:1
DA:12,0
DA:18,0
DA:19,0
DA:20,0
DA:22,0
DA:26,0
DA:28,0
DA:29,0
DA:32,6
DA:36,6
DA:37,6
DA:38,6
DA:39,6
DA:41,6
DA:43,3
DA:44,0
DA:45,3
DA:46,0
DA:50,0
DA:55,0
DA:58,0
DA:60,0
DA:61,0
DA:62,0
DA:64,0
LF:25
LH:8
end_of_record
TN:
SF:/home/wegamekinglc/dev/github/my-claude/workspace/Derivatives-Algorithms-Lib/dal/indice/indexpath.hpp
FNF:0
FNH:0
DA:34,1
DA:45,3
LF:2
LH:2
end_of_record
TN:
SF:/home/wegamekinglc/dev/github/my-claude/workspace/Derivatives-Algorithms-Lib/dal/indice/parser/equity.cpp
FN:12,31,_ZN3Dal5Index12EquityParserERKNS_7String_E
FNDA:4,_ZN3Dal5Index12EquityParserERKNS_7String_E
FNF:1
FNH:1
DA:12,4
DA:13,4
DA:16,4
DA:17,4
DA:18,4
DA:19,2
DA:21,2
DA:22,2
DA:23,1
DA:26,1
DA:27,1
DA:28,1
DA:30,0
LF:13
LH:12
end_of_record
TN:
SF:/home/wegamekinglc/dev/github/my-claude/workspace/Derivatives-Algorithms-Lib/dal/indice/parser/fx.cpp
FN:11,20,_ZN3Dal5Index8FxParserERKNS_7String_E
FNDA:2,_ZN3Dal5Index8FxParserERKNS_7String_E
FNF:1
FNH:1
DA:11,2
DA:12,2
DA:15,2
DA:17,2
DA:18,2
DA:19,4
LF:6
LH:6
end_of_record
TN:
SF:/home/wegamekinglc/dev/github/my-claude/workspace/Derivatives-Algorithms-Lib/dal/indice/parser/init.cpp
FN:16,21,_ZN3Dal13IndexParsers_4InitEv
FNDA:1,_ZN3Dal13IndexParsers_4InitEv
FNF:1
FNH:1
DA:16,1
DA:17,1
DA:18,1
DA:19,1
DA:21,1
LF:5
LH:5
end_of_record
TN:
SF:/home/wegamekinglc/dev/github/my-claude/workspace/Derivatives-Algorithms-Lib/dal/math/aad/blocklist.hpp
FN:106,112,_ZN3Dal3AAD10BlockList_IPdLm65536EE16EmplaceBackMultiILm1EEEPS2_v
FN:106,112,_ZN3Dal3AAD10BlockList_IPdLm65536EE16EmplaceBackMultiILm2EEEPS2_v
FN:106,112,_ZN3Dal3AAD10BlockList_IPdLm65536EE16EmplaceBackMultiILm3EEEPS2_v
FN:106,112,_ZN3Dal3AAD10BlockList_IPdLm65536EE16EmplaceBackMultiILm4EEEPS2_v
FN:106,112,_ZN3Dal3AAD10BlockList_IPdLm65536EE16EmplaceBackMultiILm5EEEPS2_v
FN:106,112,_ZN3Dal3AAD10BlockList_IPdLm65536EE16EmplaceBackMultiILm6EEEPS2_v
FN:106,112,_ZN3Dal3AAD10BlockList_IdLm65536EE16EmplaceBackMultiILm1EEEPdv
FN:106,112,_ZN3Dal3AAD10BlockList_IdLm65536EE16EmplaceBackMultiILm2EEEPdv
FN:106,112,_ZN3Dal3AAD10BlockList_IdLm65536EE16EmplaceBackMultiILm3EEEPdv
FN:106,112,_ZN3Dal3AAD10BlockList_IdLm65536EE16EmplaceBackMultiILm4EEEPdv
FN:106,112,_ZN3Dal3AAD10BlockList_IdLm65536EE16EmplaceBackMultiILm5EEEPdv
FN:106,112,_ZN3Dal3AAD10BlockList_IdLm65536EE16EmplaceBackMultiILm6EEEPdv
FN:114,120,_ZN3Dal3AAD10BlockList_IdLm10EE16EmplaceBackMultiERKm
FN:114,120,_ZN3Dal3AAD10BlockList_IdLm32768EE16EmplaceBackMultiERKm
FN:122,127,_ZN3Dal3AAD10BlockList_INS0_8TapNode_ELm16384EE7SetMarkEv
FN:122,127,_ZN3Dal3AAD10BlockList_IPdLm65536EE7SetMarkEv
FN:122,127,_ZN3Dal3AAD10BlockList_IdLm10EE7SetMarkEv
FN:122,127,_ZN3Dal3AAD10BlockList_IdLm32768EE7SetMarkEv
FN:122,127,_ZN3Dal3AAD10BlockList_IdLm65536EE7SetMarkEv
FN:39,44,_ZN3Dal3AAD10BlockList_INS0_8TapNode_ELm16384EE8NewBlockEv
FN:39,44,_ZN3Dal3AAD10BlockList_IPdLm65536EE8NewBlockEv
FN:39,44,_ZN3Dal3AAD10BlockList_IdLm10EE8NewBlockEv
FN:39,44,_ZN3Dal3AAD10BlockList_IdLm32768EE8NewBlockEv
FN:39,44,_ZN3Dal3AAD10BlockList_IdLm65536EE8NewBlockEv
FN:65,65,_ZN3Dal3AAD10BlockList_INS0_8TapNode_ELm16384EEC2Ev
FN:65,65,_ZN3Dal3AAD10BlockList_IPdLm65536EEC2Ev
FN:65,65,_ZN3Dal3AAD10BlockList_IdLm10EEC2Ev
FN:65,65,_ZN3Dal3AAD10BlockList_IdLm32768EEC2Ev
FN:65,65,_ZN3Dal3AAD10BlockList_IdLm65536EEC2Ev
FN:67,70,_ZN3Dal3AAD10BlockList_INS0_8TapNode_ELm16384EE5ClearEv
FN:67,70,_ZN3Dal3AAD10BlockList_IPdLm65536EE5ClearEv
FN:67,70,_ZN3Dal3AAD10BlockList_IdLm32768EE5ClearEv
FN:67,70,_ZN3Dal3AAD10BlockList_IdLm65536EE5ClearEv
FN:90,96,_ZN3Dal3AAD10BlockList_INS0_8TapNode_ELm16384EE11EmplaceBackIJmEEEPS2_DpOT_
FN:98,104,_ZN3Dal3AAD10BlockList_IdLm10EE11EmplaceBackEv
FNDA:8561720,_ZN3Dal3AAD10BlockList_IPdLm65536EE16EmplaceBackMultiILm1EEEPS2_v
FNDA:5559700,_ZN3Dal3AAD10BlockList_IPdLm65536EE16EmplaceBackMultiILm2EEEPS2_v
FNDA:14697523,_ZN3Dal3AAD10BlockList_IPdLm65536EE16EmplaceBackMultiILm3EEEPS2_v
FNDA:67980,_ZN3Dal3AAD10BlockList_IPdLm65536EE16EmplaceBackMultiILm4EEEPS2_v
FNDA:69470,_ZN3Dal3AAD10BlockList_IPdLm65536EE16EmplaceBackMultiILm5EEEPS2_v
FNDA:0,_ZN3Dal3AAD10BlockList_IPdLm65536EE16EmplaceBackMultiILm6EEEPS2_v
FNDA:9031638,_ZN3Dal3AAD10BlockList_IdLm65536EE16EmplaceBackMultiILm1EEEPdv
FNDA:5595564,_ZN3Dal3AAD10BlockList_IdLm65536EE16EmplaceBackMultiILm2EEEPdv
FNDA:15197859,_ZN3Dal3AAD10BlockList_IdLm65536EE16EmplaceBackMultiILm3EEEPdv
FNDA:70718,_ZN3Dal3AAD10BlockList_IdLm65536EE16EmplaceBackMultiILm4EEEPdv
FNDA:70895,_ZN3Dal3AAD10BlockList_IdLm65536EE16EmplaceBackMultiILm5EEEPdv
FNDA:0,_ZN3Dal3AAD10BlockList_IdLm65536EE16EmplaceBackMultiILm6EEEPdv
FNDA:4,_ZN3Dal3AAD10BlockList_IdLm10EE16EmplaceBackMultiERKm
FNDA:0,_ZN3Dal3AAD10BlockList_IdLm32768EE16EmplaceBackMultiERKm
FNDA:1313,_ZN3Dal3AAD10BlockList_INS0_8TapNode_ELm16384EE7SetMarkEv
FNDA:1313,_ZN3Dal3AAD10BlockList_IPdLm65536EE7SetMarkEv
FNDA:1,_ZN3Dal3AAD10BlockList_IdLm10EE7SetMarkEv
FNDA:0,_ZN3Dal3AAD10BlockList_IdLm32768EE7SetMarkEv
FNDA:1313,_ZN3Dal3AAD10BlockList_IdLm65536EE7SetMarkEv
FNDA:1386,_ZN3Dal3AAD10BlockList_INS0_8TapNode_ELm16384EE8NewBlockEv
FNDA:1386,_ZN3Dal3AAD10BlockList_IPdLm65536EE8NewBlockEv
FNDA:5,_ZN3Dal3AAD10BlockList_IdLm10EE8NewBlockEv
FNDA:1386,_ZN3Dal3AAD10BlockList_IdLm32768EE8NewBlockEv
FNDA:1386,_ZN3Dal3AAD10BlockList_IdLm65536EE8NewBlockEv
FNDA:32,_ZN3Dal3AAD10BlockList_INS0_8TapNode_ELm16384EEC2Ev
FNDA:32,_ZN3Dal3AAD10BlockList_IPdLm65536EEC2Ev
FNDA:5,_ZN3Dal3AAD10BlockList_IdLm10EEC2Ev
FNDA:32,_ZN3Dal3AAD10BlockList_IdLm32768EEC2Ev
FNDA:32,_ZN3Dal3AAD10BlockList_IdLm65536EEC2Ev
FNDA:1353,_ZN3Dal3AAD10BlockList_INS0_8TapNode_ELm16384EE5ClearEv
FNDA:1352,_ZN3Dal3AAD10BlockList_IPdLm65536EE5ClearEv
FNDA:1354,_ZN3Dal3AAD10BlockList_IdLm32768EE5ClearEv
FNDA:1354,_ZN3Dal3AAD10BlockList_IdLm65536EE5ClearEv
FNDA:37733062,_ZN3Dal3AAD10BlockList_INS0_8TapNode_ELm16384EE11EmplaceBackIJmEEEPS2_DpOT_
FNDA:1,_ZN3Dal3AAD10BlockList_IdLm10EE11EmplaceBackEv
FNF:35
FNH:31
DA:22,5
DA:39,5549
DA:40,5549
DA:41,5546
DA:42,5546
DA:43,5546
DA:44,5546
DA:47,0
DA:48,0
DA:51,0
DA:52,0
DA:65,133
DA:67,5413
DA:69,5416
DA:70,5413
DA:73,1
DA:74,1
DA:75,2523
DA:76,0
DA:81,19
DA:90,37733062
DA:91,37733062
DA:93,37733062
DA:94,37733062
DA:95,37733062
DA:98,1
DA:99,1
DA:101,1
DA:102,1
DA:103,1
DA:106,58923067
DA:107,58923067
DA:109,58923067
DA:110,58923067
DA:111,58923067
DA:114,4
DA:115,4
DA:117,4
DA:118,4
DA:119,4
DA:122,3940
DA:123,3940
DA:125,3940
DA:126,3940
DA:127,3940
DA:150,3470962
DA:151,1
DA:152,3470962
DA:153,0
DA:171,5853972
DA:172,1347
DA:175,0
DA:176,0
DA:178,0
DA:179,0
DA:180,0
DA:190,5766220
DA:192,0
DA:193,0
DA:194,0
DA:196,27403991
DA:197,27403991
DA:217,28043305
DA:239,19
DA:240,19
DA:268,24
DA:280,41
DA:287,5
DA:295,18
DA:303,5853931
LF:70
LH:56
end_of_record
TN:
SF:/home/wegamekinglc/dev/github/my-claude/workspace/Derivatives-Algorithms-Lib/dal/math/aad/expr.hpp
FN:160,161,_ZN3Dal3AAD16UnaryExpression_INS0_17BinaryExpression_INS0_7Number_ES3_NS0_6OPDiv_EEENS0_6OPLog_EEC2ERKNS0_11Expression_IS5_EE
FN:160,161,_ZN3Dal3AAD16UnaryExpression_INS0_17BinaryExpression_INS0_7Number_ES3_NS0_6OPSub_EEENS0_6OPAbs_EEC2ERKNS0_11Expression_IS5_EE
FN:160,161,_ZN3Dal3AAD16UnaryExpression_INS0_7Number_ENS0_13OPNormalDens_EEC2ERKNS0_11Expression_IS2_EE
[...]
FNDA:390,_ZN3Dal9TransformINS_7Vector_IdEES2_St4plusIvES2_EEvRKT_RKT0_T1_PT2_
FNDA:1064,_ZN3Dal9TransformINS_7Vector_IdEES2_St5minusIvES2_EEvRKT_RKT0_T1_PT2_
FNDA:0,_ZN3Dal9TransformINS_7Vector_IiEES2_ZNS_6ArrayN5MovesERKS2_S5_EUliiE_S2_EEvRKT_RKT0_T1_PT2_
FNDA:30043573,_ZN3Dal9TransformINS_7Vector_IjEENS_7Matrix_IjE4Row_ENS_12_GLOBAL__N_1L3XORMUljjE_ES2_EEvRKT_RKT0_T1_PT2_
FNDA:3,_ZN3Dal9TransformINS_7Matrix_IdE4Col_EZNS_6Matrix4VolsERKS2_PS2_EUldE_EEvPT_T0_
FNDA:176,_ZN3Dal9TransformINS_7Matrix_IdE4Row_EZNS_12_GLOBAL__N_18XJDense_10DivideRowsERKNS_7Vector_IdEEEUldE_EEvPT_T0_
FNDA:3,_ZN3Dal9TransformINS_7Matrix_IdE4Row_EZNS_6Matrix4VolsERKS2_PS2_EUldE_EEvPT_T0_
FNDA:1,_ZN3Dal9TransformINS_7Vector_IdEESt6negateIvEEEvPT_T0_
FNDA:24138601,_ZN3Dal9TransformINS_7Vector_IdEEZNS_12_GLOBAL__N_19SobolSet_10FillNormalEPS2_EUldE_EEvPT_T0_
FNDA:0,_ZN3Dal9TransformINS_7Matrix_IdE4Row_ENS2_9ConstRow_ENS_16LinearIncrement_IdEEEEvPT_RKT0_T1_
FNDA:1376,_ZN3Dal9TransformINS_7Matrix_IdE4Row_ENS_7Vector_IdEENS_16LinearIncrement_IdEEEEvPT_RKT0_T1_
FNDA:4631,_ZN3Dal9TransformINS_7Vector_IdEENS_7Matrix_IdE9ConstRow_ENS_16LinearIncrement_IdEEEEvPT_RKT0_T1_
FNDA:1882,_ZN3Dal9TransformINS_7Vector_IdEES2_NS_16LinearIncrement_IdEEEEvPT_RKT0_T1_
FNDA:399,_ZN3Dal9TransformINS_7Vector_IdEES2_St7dividesIvEEEvPT_RKT0_T1_
FNDA:0,_ZN3Dal4CopyINS_7Matrix_INS_5Cell_EE9ConstRow_ENS3_4Row_EEEvRKT_PT0_
FNDA:0,_ZN3Dal4CopyINS_7Matrix_INS_5Cell_EE9ConstRow_ENS_7Vector_IS2_EEEEvRKT_PT0_
FNDA:0,_ZN3Dal4CopyINS_7Matrix_INS_7String_EE9ConstRow_ENS1_INS_5Cell_EE4Row_EEEvRKT_PT0_
FNDA:0,_ZN3Dal4CopyINS_7Matrix_IdE9ConstRow_ENS1_INS_5Cell_EE4Row_EEEvRKT_PT0_
FNDA:63,_ZN3Dal4CopyINS_7Matrix_IdE9ConstRow_ENS2_4Col_EEEvRKT_PT0_
FNDA:2,_ZN3Dal4CopyINS_7Matrix_IdE9ConstRow_ENS2_4Row_EEEvRKT_PT0_
FNDA:141,_ZN3Dal4CopyINS_7Matrix_IdE9ConstRow_ENS_7Vector_IdEEEEvRKT_PT0_
FNDA:0,_ZN3Dal4CopyINS_7Vector_INS_3AAD7Number_EEES4_EEvRKT_PT0_
FNDA:3,_ZN3Dal4CopyINS_7Vector_INS_5Cell_EEENS_7Matrix_IS2_E4Row_EEEvRKT_PT0_
FNDA:0,_ZN3Dal4CopyINS_7Vector_INS_5Date_EEENS_7Matrix_INS_5Cell_EE4Row_EEEvRKT_PT0_
FNDA:1,_ZN3Dal4CopyINS_7Vector_INS_7String_EEENS_7Matrix_INS_5Cell_EE4Row_EEEvRKT_PT0_
FNDA:0,_ZN3Dal4CopyINS_7Vector_INS_9DateTime_EEENS_7Matrix_INS_5Cell_EE4Row_EEEvRKT_PT0_
FNDA:0,_ZN3Dal4CopyINS_7Vector_IbEENS_7Matrix_INS_5Cell_EE4Row_EEEvRKT_PT0_
FNDA:15,_ZN3Dal4CopyINS_7Vector_IdEENS_7Matrix_INS_5Cell_EE4Row_EEEvRKT_PT0_
FNDA:389,_ZN3Dal4CopyINS_7Vector_IdEES2_EEvRKT_PT0_
FNDA:0,_ZN3Dal4CopyINS_7Vector_IiEENS_7Matrix_INS_5Cell_EE4Row_EEEvRKT_PT0_
FNDA:1,_ZN3Dal4CopyISt3setINS_5Date_ESt4lessIS2_ESaIS2_EENS_7Vector_IS2_EEEEvRKT_PT0_
FNDA:3,_ZN3Dal5ApplyINS_7Matrix_INS_5Cell_EE9ConstRow_EPFNS_7String_ERKS2_EEEDaT0_RKT_
FNDA:0,_ZN3Dal5ApplyINS_7String_ESt8functionIFbcEEEEDaT0_RKT_
FNDA:0,_ZN3Dal5ApplyINS_7Vector_INS_6Report7Header_EEEZNKS_7Report_5WriteERNS_7Archive6Store_EEUlRKS3_E0_EEDaT0_RKT_
FNDA:0,_ZN3Dal5ApplyINS_7Vector_INS_6Report7Header_EEEZNKS_7Report_5WriteERNS_7Archive6Store_EEUlRKS3_E_EEDaT0_RKT_
FNDA:197,_ZN3Dal5ApplyINS_7Vector_INS_7Handle_INS_18HolidayCenterData_EEEEEZNS_12_GLOBAL__N_114NameFromCenterERKS5_EUlS4_E_EEDaT0_RKT_
FNDA:5,_ZN3Dal5ApplyINS_7Vector_INS_7String_EEEPFiRKS2_EEEDaT0_RKT_
FNDA:1,_ZN3Dal5ApplyINS_7Vector_INS_7String_EEESt8functionIFNS1_INS_5Cell_EEERKS2_EEEEDaT0_RKT_
FNDA:1,_ZN3Dal5ApplyINS_7Vector_INS_7String_EEESt8functionIFbRKS2_EEEEDaT0_RKT_
FNDA:26,_ZN3Dal5ApplyINS_7Vector_INS_7String_EEEZNS_9Holidays_C4ERKS2_EUlS6_E_EEDaT0_RKT_
FNDA:1,_ZN3Dal5ApplyINS_7Vector_IdEESt6negateIvEEEDaT0_RKT_
FNDA:0,_ZN3Dal5ApplyINS_7Vector_IdEEZNKS_6Script14ScriptProduct_14BuildEvalStateINS_3AAD7Number_EEENS3_10EvalState_IT_EEvEUldE_EEDaT0_RKS9_
FNDA:3,_ZN3Dal5ApplyINS_7Vector_IdEEZNKS_6Script14ScriptProduct_14BuildEvalStateIdEENS3_10EvalState_IT_EEvEUldE_EEDaT0_RKS7_
FNDA:3,_ZN3Dal5ApplyINS_7Vector_IdEEZNKS_6Script14ScriptProduct_14BuildEvaluatorIdEENS3_10Evaluator_IT_EEvEUldE_EEDaT0_RKS7_
FNDA:1221,_ZN3Dal5ApplyINS_7Vector_IdEEZNKS_6Script14ScriptProduct_19BuildFuzzyEvaluatorINS_3AAD7Number_EEENS3_15FuzzyEvaluator_IT_EEidEUldE_EEDaT0_RKS9_
FNDA:1,_ZN3Dal5ApplyINS_7Vector_IdEEZNKS_6Script14ScriptProduct_19BuildFuzzyEvaluatorIdEENS3_15FuzzyEvaluator_IT_EEidEUldE_EEDaT0_RKS7_
FNDA:5,_ZN3Dal5ApplyINS_7Vector_IdEEZNS_6Vector11CentralizedIdEENS1_IT_EERKS6_EUldE_EEDaT0_RKS5_
FNDA:1,_ZN3Dal5ApplyINS_7Vector_IdEEZNS_6Vector12L1NormalizedIdEENS1_IT_EERKS6_EUldE_EEDaT0_RKS5_
FNDA:3,_ZN3Dal5ApplyINS_7Vector_IdEEZNS_6Vector12L2NormalizedIdEENS1_IT_EERKS6_EUldE_EEDaT0_RKS5_
FNDA:17,_ZN3Dal5ApplyINS_7Vector_INS_5Cell_EEENS1_INS_7String_EEEPFSt4pairIS2_S4_ERKS2_RKS4_EEEDaT1_RKT_RKT0_
FNDA:1,_ZN3Dal5ApplyINS_7Vector_IdEES2_PFSt4pairIddERKdS6_EEEDaT1_RKT_RKT0_
FNDA:1,_ZN3Dal5ApplyINS_7Vector_IdEES2_St4plusIvEEEDaT1_RKT_RKT0_
FNDA:702,_ZN3Dal5ApplyINS_7Vector_IdEES2_St5minusIvEEEDaT1_RKT_RKT0_
FNDA:0,_ZN3Dal5ApplyINS_7Vector_IiEES2_ZNS_6ArrayN5MovesERKS2_S5_EUliiE_EEDaT1_RKT_RKT0_
FNDA:1,_ZN3Dal6AppendISt6vectorIiSaIiEES3_EEvPT_RKT0_
FNDA:1,_ZN3Dal11ConcatenateINS_7Vector_IdEES2_EET_RKS3_RKT0_
FNDA:1,_ZN3Dal4CopyINS_7Vector_IdEEEENS1_INT_10value_typeEEERKS3_
FNDA:1,_ZN3Dal7ReverseINS_7Vector_INS_5Date_EEEEENS1_INT_10value_typeEEERKS4_
FNDA:1,_ZN3Dal6FilterINS_7Vector_IdEESt5_BindIFSt7greaterIvESt12_PlaceholderILi1EEdEEEET_RKSA_RKT0_
FNF:108
FNH:79
DA:24,29950932
DA:25,29950933
DA:26,232
DA:27,29950932
DA:30,30046157
DA:31,30046157
DA:33,17
DA:34,30046157
DA:36,24138784
DA:37,24138784
DA:38,3
DA:39,25563871
DA:41,8288
DA:42,8288
DA:45,8288
DA:47,615
DA:48,615
DA:49,547
DA:50,615
DA:52,1471
DA:54,3
DA:55,1471
DA:56,1471
DA:59,721
DA:60,721
DA:63,721
DA:64,721
DA:67,1
DA:69,2
DA:71,1
DA:74,1
DA:79,1
DA:82,1
DA:83,1
DA:86,1
DA:90,1
DA:93,1
DA:96,6
DA:98,1
DA:101,38
DA:103,38
DA:104,38
DA:105,38
DA:108,35
DA:110,41
DA:111,215762
DA:115,8
DA:119,469
DA:122,23
DA:123,26
DA:124,86
DA:127,23
DA:128,23
DA:129,23
DA:141,32
DA:144,1179
DA:145,1136
DA:153,3
DA:156,0
DA:158,3
DA:159,3
DA:162,1
DA:165,0
DA:167,1
DA:168,1
DA:172,4
DA:177,18
LF:67
LH:65
end_of_record
TN:
SF:/home/wegamekinglc/dev/github/my-claude/workspace/Derivatives-Algorithms-Lib/dal/utilities/composite.hpp
FNF:0
FNH:0
DA:26,0
DA:41,0
LF:2
LH:0
end_of_record
TN:
SF:/home/wegamekinglc/dev/github/my-claude/workspace/Derivatives-Algorithms-Lib/dal/utilities/dictionary.cpp
FN:14,18,_ZN3Dal11Dictionary_6InsertERKNS_7String_ERKNS_5Cell_E
FN:20,20,_ZN3Dal10Dictionary9BlankCellEv
FN:22,29,_ZNK3Dal11Dictionary_2AtERKNS_7String_Eb
FN:31,31,_ZNK3Dal11Dictionary_3HasERKNS_7String_E
FN:34,41,_ZN3Dal10Dictionary14FindHandleBaseERKSt3mapINS_7String_ENS_7Handle_INS_9Storable_EEESt4lessIS2_ESaISt4pairIKS2_S5_EEERS9_b
FN:43,53,_ZN3Dal10Dictionary8ToStringERKNS_11Dictionary_E
FN:54,74,_ZN3Dal10Dictionary10FromStringERKNS_7String_E
FNDA:36,_ZN3Dal11Dictionary_6InsertERKNS_7String_ERKNS_5Cell_E
FNDA:1,_ZN3Dal10Dictionary9BlankCellEv
FNDA:31,_ZNK3Dal11Dictionary_2AtERKNS_7String_Eb
FNDA:55,_ZNK3Dal11Dictionary_3HasERKNS_7String_E
FNDA:2,_ZN3Dal10Dictionary14FindHandleBaseERKSt3mapINS_7String_ENS_7Handle_INS_9Storable_EEESt4lessIS2_ESaISt4pairIKS2_S5_EEERS9_b
FNDA:2,_ZN3Dal10Dictionary8ToStringERKNS_11Dictionary_E
FNDA:1,_ZN3Dal10Dictionary10FromStringERKNS_7String_E
FNF:7
FNH:7
DA:14,36
DA:15,36
DA:16,0
DA:17,36
DA:18,36
DA:20,1
DA:22,31
DA:23,31
DA:25,31
DA:26,28
DA:27,9
DA:28,1
DA:31,110
DA:34,2
DA:35,4
DA:36,2
DA:37,4
DA:43,2
DA:45,10
DA:46,8
DA:47,6
DA:48,8
DA:49,8
DA:50,16
DA:52,2
DA:54,1
DA:55,1
DA:57,5
DA:58,4
DA:59,4
DA:60,4
DA:63,4
DA:64,2
DA:65,3
DA:66,0
DA:67,3
DA:68,2
DA:69,2
DA:71,4
DA:73,1
LF:40
LH:38
end_of_record
TN:
SF:/home/wegamekinglc/dev/github/my-claude/workspace/Derivatives-Algorithms-Lib/dal/utilities/dictionary.hpp
FN:31,34,_ZN3Dal10Dictionary7ExtractIZN41DictionaryTest_TestDictionaryExtract_Test8TestBodyEvEUlRKNS_5Cell_EE_dEEDTclfp1_cvS3__EEERKNS_11Dictionary_ERKNS_7String_ET_RKT0_
FN:31,34,_ZN3Dal10Dictionary7ExtractIZNS_24UnderdeterminedControls_C4ERKNS_11Dictionary_EEUlRKNS_5Cell_EE1_iEEDTclfp1_cvS6__EEES5_RKNS_7String_ET_RKT0_
FN:31,34,_ZN3Dal10Dictionary7ExtractIZNS_24UnderdeterminedControls_C4ERKNS_11Dictionary_EEUlRKNS_5Cell_EE2_dEEDTclfp1_cvS6__EEES5_RKNS_7String_ET_RKT0_
FN:31,34,_ZN3Dal10Dictionary7ExtractIZNS_24UnderdeterminedControls_C4ERKNS_11Dictionary_EEUlRKNS_5Cell_EE3_dEEDTclfp1_cvS6__EEES5_RKNS_7String_ET_RKT0_
FN:31,34,_ZN3Dal10Dictionary7ExtractIZNS_24UnderdeterminedControls_C4ERKNS_11Dictionary_EEUlRKNS_5Cell_EE4_dEEDTclfp1_cvS6__EEES5_RKNS_7String_ET_RKT0_
FN:37,39,_ZN3Dal10Dictionary7ExtractIZN41DictionaryTest_TestDictionaryExtract_Test8TestBodyEvEUlRKNS_5Cell_EE_EEDTclfp1_cvS3__EEERKNS_11Dictionary_ERKNS_7String_ET_
FN:46,50,_ZN3Dal10Dictionary10FindHandleINS_8Interp1_EEENS_7Handle_IT_EERKSt3mapINS_7String_ENS3_INS_9Storable_EEESt4lessIS7_ESaISt4pairIKS7_S9_EEERSD_
FNDA:1,_ZN3Dal10Dictionary7ExtractIZN41DictionaryTest_TestDictionaryExtract_Test8TestBodyEvEUlRKNS_5Cell_EE_dEEDTclfp1_cvS3__EEERKNS_11Dictionary_ERKNS_7String_ET_RKT0_
FNDA:13,_ZN3Dal10Dictionary7ExtractIZNS_24UnderdeterminedControls_C4ERKNS_11Dictionary_EEUlRKNS_5Cell_EE1_iEEDTclfp1_cvS6__EEES5_RKNS_7String_ET_RKT0_
FNDA:13,_ZN3Dal10Dictionary7ExtractIZNS_24UnderdeterminedControls_C4ERKNS_11Dictionary_EEUlRKNS_5Cell_EE2_dEEDTclfp1_cvS6__EEES5_RKNS_7String_ET_RKT0_
FNDA:13,_ZN3Dal10Dictionary7ExtractIZNS_24UnderdeterminedControls_C4ERKNS_11Dictionary_EEUlRKNS_5Cell_EE3_dEEDTclfp1_cvS6__EEES5_RKNS_7String_ET_RKT0_
FNDA:13,_ZN3Dal10Dictionary7ExtractIZNS_24UnderdeterminedControls_C4ERKNS_11Dictionary_EEUlRKNS_5Cell_EE4_dEEDTclfp1_cvS6__EEES5_RKNS_7String_ET_RKT0_
FNDA:1,_ZN3Dal10Dictionary7ExtractIZN41DictionaryTest_TestDictionaryExtract_Test8TestBodyEvEUlRKNS_5Cell_EE_EEDTclfp1_cvS3__EEERKNS_11Dictionary_ERKNS_7String_ET_
FNDA:2,_ZN3Dal10Dictionary10FindHandleINS_8Interp1_EEENS_7Handle_IT_EERKSt3mapINS_7String_ENS3_INS_9Storable_EEESt4lessIS7_ESaISt4pairIKS7_S9_EEERSD_
FNF:7
FNH:7
DA:14,17
DA:22,1
DA:31,53
DA:33,53
DA:37,1
DA:38,28
DA:46,2
DA:47,3
DA:48,1
DA:49,1
LF:10
LH:10
end_of_record
TN:
SF:/home/wegamekinglc/dev/github/my-claude/workspace/Derivatives-Algorithms-Lib/dal/utilities/environment.cpp
FN:9,12,_ZN3Dal12Environment_9Iterator_ppEv
FNDA:8,_ZN3Dal12Environment_9Iterator_ppEv
FNF:1
FNH:1
DA:9,8
DA:11,8
LF:2
LH:2
end_of_record
TN:
SF:/home/wegamekinglc/dev/github/my-claude/workspace/Derivatives-Algorithms-Lib/dal/utilities/environment.hpp
FN:104,104,_ZNK3Dal11Environment11XDecorated_2I15ValidEv
FN:105,105,_ZNK3Dal11Environment11XDecorated_2I14NextEv
FN:106,106,_ZNK3Dal11Environment11XDecorated_2I1deEv
FN:114,114,_ZN3Dal11Environment11XDecorated_D0Ev
FN:114,114,_ZN3Dal11Environment11XDecorated_D2Ev
FN:116,116,_ZNK3Dal11Environment11XDecorated_6XBeginEv
FN:15,15,_ZN3Dal11Environment6Entry_D0Ev
FN:15,15,_ZN3Dal11Environment6Entry_D2Ev
FN:44,48,_ZN3Dal11Environment7IterateINS0_7Recall_INS_8Interp1_EEEEEvPKNS_12Environment_ET_
FN:44,48,_ZN3Dal11Environment7IterateINS_12_GLOBAL__N_114ShowToAuditor_EEEvPKNS_12Environment_ET_
FN:44,48,_ZN3Dal11Environment7IterateIZNS0_7CollectI12SampleEntry_EENS_7Vector_IPKT_EEPKNS_12Environment_EEUlRKNS0_6Entry_EE_EEvSB_S5_
FN:50,60,_ZN3Dal11Environment7CollectI12SampleEntry_EENS_7Vector_IPKT_EEPKNS_12Environment_E
FN:55,55,_ZZN3Dal11Environment7CollectI12SampleEntry_EENS_7Vector_IPKT_EEPKNS_12Environment_EENKUlRKNS0_6Entry_EE_clESD_
FN:62,70,_ZN3Dal11Environment4FindIZNS0_4FindI12SampleEntry_EEPKT_PKNS_12Environment_EEUlRKNS0_6Entry_EE_EEDTclfp0_cldtclptfp_L_ZNKS7_5BeginEvEEL_ZNKS7_9Iterator_deEvEEEES9_RS4_
FN:62,70,_ZN3Dal11Environment4FindIZNS0_4FindINS_14FixingsAccess_EEEPKT_PKNS_12Environment_EEUlRKNS0_6Entry_EE_EEDTclfp0_cldtclptfp_L_ZNKS7_5BeginEvEEL_ZNKS7_9Iterator_deEvEEEES9_RS4_
FN:85,85,_ZNK3Dal11Environment5Base_7MyIter_5ValidEv
FN:86,86,_ZNK3Dal11Environment5Base_7MyIter_4NextEv
FN:87,87,_ZNK3Dal11Environment5Base_7MyIter_deEv
FN:92,92,_ZNK3Dal11Environment5Base_6XBeginEv
FNDA:16,_ZNK3Dal11Environment11XDecorated_2I15ValidEv
FNDA:5,_ZNK3Dal11Environment11XDecorated_2I14NextEv
FNDA:11,_ZNK3Dal11Environment11XDecorated_2I1deEv
FNDA:0,_ZN3Dal11Environment11XDecorated_D0Ev
FNDA:0,_ZN3Dal11Environment11XDecorated_D2Ev
FNDA:11,_ZNK3Dal11Environment11XDecorated_6XBeginEv
FNDA:0,_ZN3Dal11Environment6Entry_D0Ev
FNDA:0,_ZN3Dal11Environment6Entry_D2Ev
FNDA:1,_ZN3Dal11Environment7IterateINS0_7Recall_INS_8Interp1_EEEEEvPKNS_12Environment_ET_
FNDA:1,_ZN3Dal11Environment7IterateINS_12_GLOBAL__N_114ShowToAuditor_EEEvPKNS_12Environment_ET_
FNDA:2,_ZN3Dal11Environment7IterateIZNS0_7CollectI12SampleEntry_EENS_7Vector_IPKT_EEPKNS_12Environment_EEUlRKNS0_6Entry_EE_EEvSB_S5_
FNDA:2,_ZN3Dal11Environment7CollectI12SampleEntry_EENS_7Vector_IPKT_EEPKNS_12Environment_E
FNDA:3,_ZZN3Dal11Environment7CollectI12SampleEntry_EENS_7Vector_IPKT_EEPKNS_12Environment_EENKUlRKNS0_6Entry_EE_clESD_
FNDA:3,_ZN3Dal11Environment4FindIZNS0_4FindI12SampleEntry_EEPKT_PKNS_12Environment_EEUlRKNS0_6Entry_EE_EEDTclfp0_cldtclptfp_L_ZNKS7_5BeginEvEEL_ZNKS7_9Iterator_deEvEEEES9_RS4_
FNDA:3,_ZN3Dal11Environment4FindIZNS0_4FindINS_14FixingsAccess_EEEPKT_PKNS_12Environment_EEUlRKNS0_6Entry_EE_EEDTclfp0_cldtclptfp_L_ZNKS7_5BeginEvEEL_ZNKS7_9Iterator_deEvEEEES9_RS4_
FNDA:5,_ZNK3Dal11Environment5Base_7MyIter_5ValidEv
FNDA:3,_ZNK3Dal11Environment5Base_7MyIter_4NextEv
FNDA:1,_ZNK3Dal11Environment5Base_7MyIter_deEv
FNDA:2,_ZNK3Dal11Environment5Base_6XBeginEv
FNF:19
FNH:15
DA:15,0
DA:31,11
DA:34,25
DA:36,12
DA:40,12
DA:44,4
DA:45,4
DA:46,5
DA:47,5
DA:48,4
DA:50,2
DA:55,2
DA:56,3
DA:57,3
DA:59,2
DA:62,6
DA:64,6
DA:65,0
DA:66,6
DA:73,6
DA:74,5
DA:77,2
DA:84,5
DA:85,5
DA:86,3
DA:87,1
DA:91,2
DA:92,2
DA:103,11
DA:104,16
DA:105,5
DA:106,11
DA:110,6
DA:111,6
DA:112,6
DA:114,8
DA:116,11
LF:37
LH:35
end_of_record
TN:
SF:/home/wegamekinglc/dev/github/my-claude/workspace/Derivatives-Algorithms-Lib/dal/utilities/exceptions.cpp
FN:108,115,_ZN3Dal12_GLOBAL__N_16formatERKNSt7__cxx1112basic_stringIcSt11char_traitsIcESaIcEEElS8_S8_
FN:118,123,_ZN3Dal12_GLOBAL__N_112MsgWithStackERKNSt7__cxx1112basic_stringIcSt11char_traitsIcESaIcEEElS8_PKc
FN:126,127,_ZN3Dal10Exception_C2ERKNSt7__cxx1112basic_stringIcSt11char_traitsIcESaIcEEElS8_PKc
FN:14,14,_ZN3Dal9exception11XStackInfo_C2EPKcRKi
FN:16,16,_ZN3Dal9exception11XStackInfo_C2EPKcRKd
FN:18,18,_ZN3Dal9exception11XStackInfo_C2EPKcRKNS_7String_E
FN:20,22,_ZN3Dal9exception11XStackInfo_C2EPKcS3_
FN:24,24,_ZN3Dal9exception11XStackInfo_C2EPKcRKNS_5Date_E
FN:26,27,_ZN3Dal9exception11XStackInfo_C2EPKcRKNS_9DateTime_E
FN:29,29,_ZN3Dal9exception11XStackInfo_C2EPKc
FN:31,50,_ZNK3Dal9exception11XStackInfo_7MessageB5cxx11Ev
FN:64,73,_ZN3Dal9exception12_GLOBAL__N_19XTheStackEb
FN:79,79,_ZN3Dal9exception9PushStackERKNS0_11XStackInfo_E
FN:81,90,_ZN3Dal9exception8PopStackEv
FNDA:43,_ZN3Dal12_GLOBAL__N_16formatERKNSt7__cxx1112basic_stringIcSt11char_traitsIcESaIcEEElS8_S8_
FNDA:43,_ZN3Dal12_GLOBAL__N_112MsgWithStackERKNSt7__cxx1112basic_stringIcSt11char_traitsIcESaIcEEElS8_PKc
FNDA:43,_ZN3Dal10Exception_C2ERKNSt7__cxx1112basic_stringIcSt11char_traitsIcESaIcEEElS8_PKc
FNDA:4,_ZN3Dal9exception11XStackInfo_C2EPKcRKi
FNDA:1,_ZN3Dal9exception11XStackInfo_C2EPKcRKd
FNDA:128,_ZN3Dal9exception11XStackInfo_C2EPKcRKNS_7String_E
FNDA:5,_ZN3Dal9exception11XStackInfo_C2EPKcS3_
FNDA:1,_ZN3Dal9exception11XStackInfo_C2EPKcRKNS_5Date_E
FNDA:1,_ZN3Dal9exception11XStackInfo_C2EPKcRKNS_9DateTime_E
FNDA:80,_ZN3Dal9exception11XStackInfo_C2EPKc
FNDA:11,_ZNK3Dal9exception11XStackInfo_7MessageB5cxx11Ev
FNDA:923,_ZN3Dal9exception12_GLOBAL__N_19XTheStackEb
FNDA:220,_ZN3Dal9exception9PushStackERKNS0_11XStackInfo_E
FNDA:220,_ZN3Dal9exception8PopStackEv
FNF:14
FNH:14
DA:14,4
DA:16,1
DA:18,128
DA:20,5
DA:21,5
DA:22,5
DA:24,1
DA:26,1
DA:27,1
DA:29,80
DA:31,11
DA:32,11
DA:33,11
DA:34,1
DA:35,2
DA:36,1
DA:37,2
DA:39,2
DA:40,3
DA:41,6
DA:42,1
DA:43,2
DA:44,1
DA:45,2
DA:47,3
DA:64,923
DA:66,923
DA:67,128
DA:68,795
DA:69,127
DA:70,127
DA:72,796
DA:75,220
DA:79,220
DA:81,220
DA:82,220
DA:89,220
DA:90,220
DA:108,43
DA:109,43
DA:110,43
DA:111,43
DA:112,43
DA:114,43
DA:115,43
DA:118,43
DA:119,86
DA:120,54
DA:121,22
DA:122,43
DA:126,43
DA:127,86
LF:52
LH:52
end_of_record
TN:
SF:/home/wegamekinglc/dev/github/my-claude/workspace/Derivatives-Algorithms-Lib/dal/utilities/exceptions.hpp
FNF:0
FNH:0
DA:23,8
DA:48,173
DA:49,138
DA:51,80
DA:58,4
LF:5
LH:5
end_of_record
TN:
SF:/home/wegamekinglc/dev/github/my-claude/workspace/Derivatives-Algorithms-Lib/dal/utilities/file.cpp
FN:14,20,_ZN3Dal4File4ReadERKNS_7String_EPNS_7Vector_IS1_EE
FN:22,27,_ZN3Dal4File5WriteERKNS_7String_ERKNS_7Vector_IS1_EE
FN:29,31,_ZN3Dal4File6RemoveERKNS_7String_E
FNDA:2,_ZN3Dal4File4ReadERKNS_7String_EPNS_7Vector_IS1_EE
FNDA:2,_ZN3Dal4File5WriteERKNS_7String_ERKNS_7Vector_IS1_EE
FNDA:3,_ZN3Dal4File6RemoveERKNS_7String_E
FNF:3
FNH:3
DA:14,2
DA:15,2
DA:17,7
DA:19,2
DA:20,2
DA:22,2
DA:23,2
DA:24,7
DA:26,2
DA:27,2
DA:29,3
DA:30,3
DA:31,3
LF:13
LH:13
end_of_record
TN:
SF:/home/wegamekinglc/dev/github/my-claude/workspace/Derivatives-Algorithms-Lib/dal/utilities/functionals.hpp
FNF:0
FNH:0
DA:25,5371
DA:26,49577
DA:52,1
DA:54,1
DA:64,1
LF:5
LH:5
end_of_record
TN:
SF:/home/wegamekinglc/dev/github/my-claude/workspace/Derivatives-Algorithms-Lib/dal/utilities/maps.hpp
FN:11,17,_ZN3Dal8ZipToMapINS_7Vector_INS_7String_EEENS1_IdEEEESt3mapINT_10value_typeENT0_10value_typeESt4lessIS7_ESaISt4pairIKS7_S9_EEERKS6_RKS8_
FN:11,17,_ZN3Dal8ZipToMapINS_7Vector_INS_9DateTime_EEENS1_IdEEEESt3mapINT_10value_typeENT0_10value_typeESt4lessIS7_ESaISt4pairIKS7_S9_EEERKS6_RKS8_
FN:20,26,_ZN3Dal13ZipToMultimapINS_7Vector_INS_7String_EEENS1_INS_7Handle_INS_9Storable_EEEEEEESt8multimapINT_10value_typeENT0_10value_typeESt4lessISA_ESaISt4pairIKSA_SC_EEERKS9_RKSB_
FN:20,26,_ZN3Dal13ZipToMultimapINS_7Vector_INS_7String_EEENS1_IdEEEESt8multimapINT_10value_typeENT0_10value_typeESt4lessIS7_ESaISt4pairIKS7_S9_EEERKS6_RKS8_
FNDA:1,_ZN3Dal8ZipToMapINS_7Vector_INS_7String_EEENS1_IdEEEESt3mapINT_10value_typeENT0_10value_typeESt4lessIS7_ESaISt4pairIKS7_S9_EEERKS6_RKS8_
FNDA:0,_ZN3Dal8ZipToMapINS_7Vector_INS_9DateTime_EEENS1_IdEEEESt3mapINT_10value_typeENT0_10value_typeESt4lessIS7_ESaISt4pairIKS7_S9_EEERKS6_RKS8_
FNDA:1,_ZN3Dal13ZipToMultimapINS_7Vector_INS_7String_EEENS1_INS_7Handle_INS_9Storable_EEEEEEESt8multimapINT_10value_typeENT0_10value_typeESt4lessISA_ESaISt4pairIKSA_SC_EEERKS9_RKSB_
FNDA:1,_ZN3Dal13ZipToMultimapINS_7Vector_INS_7String_EEENS1_IdEEEESt8multimapINT_10value_typeENT0_10value_typeESt4lessIS7_ESaISt4pairIKS7_S9_EEERKS6_RKS8_
FNF:4
FNH:3
DA:11,1
DA:12,1
DA:14,4
DA:15,6
DA:16,1
DA:20,2
DA:21,2
DA:23,8
DA:24,6
DA:25,2
LF:10
LH:10
end_of_record
TN:
SF:/home/wegamekinglc/dev/github/my-claude/workspace/Derivatives-Algorithms-Lib/dal/utilities/numerics.cpp
FN:12,15,_ZN3Dal5AsIntEd
FN:17,20,_ZN3Dal10NearestIntEd
FN:22,25,_ZN3Dal5AsIntEl
FNDA:364,_ZN3Dal5AsIntEd
FNDA:3,_ZN3Dal10NearestIntEd
FNDA:1,_ZN3Dal5AsIntEl
FNF:3
FNH:3
DA:12,364
DA:13,366
DA:14,362
DA:17,3
DA:18,3
DA:19,4
DA:22,1
DA:23,1
DA:24,1
LF:9
LH:9
end_of_record
TN:
SF:/home/wegamekinglc/dev/github/my-claude/workspace/Derivatives-Algorithms-Lib/dal/utilities/numerics.hpp
FN:28,31,_ZN3Dal12InnerProductINS_7Matrix_IdE4Col_ES3_EEDaRKT_RKT0_
FN:34,40,_ZN3Dal6Vector12L1NormalizedIdEENS_7Vector_IT_EERKS4_
FN:42,48,_ZN3Dal6Vector12L2NormalizedIdEENS_7Vector_IT_EERKS4_
FN:50,56,_ZN3Dal6Vector11CentralizedIdEENS_7Vector_IT_EERKS4_
FN:58,64,_ZN3Dal6Vector10CovarianceIdEEDaRKNS_7Vector_IT_EES6_
FN:66,71,_ZN3Dal6Vector11CorrelationIdEEDaRKNS_7Vector_IT_EES6_
FNDA:9,_ZN3Dal12InnerProductINS_7Matrix_IdE4Col_ES3_EEDaRKT_RKT0_
FNDA:1,_ZN3Dal6Vector12L1NormalizedIdEENS_7Vector_IT_EERKS4_
FNDA:3,_ZN3Dal6Vector12L2NormalizedIdEENS_7Vector_IT_EERKS4_
FNDA:5,_ZN3Dal6Vector11CentralizedIdEENS_7Vector_IT_EERKS4_
FNDA:1,_ZN3Dal6Vector10CovarianceIdEEDaRKNS_7Vector_IT_EES6_
FNDA:1,_ZN3Dal6Vector11CorrelationIdEEDaRKNS_7Vector_IT_EES6_
FNF:6
FNH:6
DA:25,1301
DA:28,9
DA:30,9
DA:34,1
DA:36,5
DA:37,1
DA:38,5
DA:39,1
DA:42,3
DA:44,15
DA:45,3
DA:46,15
DA:47,3
DA:50,5
DA:53,5
DA:54,25
DA:55,5
DA:58,1
DA:59,1
DA:61,1
DA:62,1
DA:63,2
DA:66,1
DA:67,1
DA:68,1
DA:69,2
DA:70,1
LF:27
LH:27
end_of_record
